TN:
SF:src/App.svelte
FN:1,App
FN:63,(anonymous_1)
FN:108,(anonymous_2)
FN:129,(anonymous_3)
FN:133,hostMessageHandler
FN:144,applyPermalinkSpan
FN:153,(anonymous_6)
FN:159,clearLiveParseTimer
FN:165,applyEditorValue
FN:179,scheduleLiveParse
FN:181,(anonymous_10)
FN:187,onEditorInput
FN:192,focusActiveView
FN:198,loadEditorText
FN:216,openEditorFilePicker
FN:217,(anonymous_15)
FN:220,loadSampleJson
FN:225,downloadTraceJson
FN:236,clearEditorJson
FN:249,onDroppedFile
FN:250,(anonymous_20)
FN:253,pasteFromClipboard
FN:267,formatEditorJson
FN:284,dismissEditor
FN:291,loadTraceFromUrl
FN:298,(anonymous_25)
FN:299,(anonymous_26)
FN:300,(anonymous_27)
FN:301,(anonymous_28)
FN:303,(anonymous_29)
FN:304,(anonymous_30)
FN:305,(anonymous_31)
FN:306,(anonymous_32)
FN:308,(anonymous_33)
FN:308,(anonymous_34)
FN:309,(anonymous_35)
FN:310,(anonymous_36)
FN:335,(anonymous_37)
FN:340,(anonymous_38)
FN:343,(anonymous_39)
FN:342,(anonymous_40)
FN:313,(anonymous_41)
FN:353,(anonymous_42)
FN:357,(anonymous_43)
FN:350,(anonymous_44)
FN:363,value
FN:364,collapsed
FN:362,(anonymous_47)
FN:376,(anonymous_48)
FN:381,(anonymous_49)
FN:380,click
FN:384,(anonymous_51)
FN:386,(anonymous_52)
FN:386,(anonymous_53)
FN:388,(anonymous_54)
FN:394,(anonymous_55)
FNF:56
FNH:0
FNDA:0,App
FNDA:0,(anonymous_1)
FNDA:0,(anonymous_2)
FNDA:0,(anonymous_3)
FNDA:0,hostMessageHandler
FNDA:0,applyPermalinkSpan
FNDA:0,(anonymous_6)
FNDA:0,clearLiveParseTimer
FNDA:0,applyEditorValue
FNDA:0,scheduleLiveParse
FNDA:0,(anonymous_10)
FNDA:0,onEditorInput
FNDA:0,focusActiveView
FNDA:0,loadEditorText
FNDA:0,openEditorFilePicker
FNDA:0,(anonymous_15)
FNDA:0,loadSampleJson
FNDA:0,downloadTraceJson
FNDA:0,clearEditorJson
FNDA:0,onDroppedFile
FNDA:0,(anonymous_20)
FNDA:0,pasteFromClipboard
FNDA:0,formatEditorJson
FNDA:0,dismissEditor
FNDA:0,loadTraceFromUrl
FNDA:0,(anonymous_25)
FNDA:0,(anonymous_26)
FNDA:0,(anonymous_27)
FNDA:0,(anonymous_28)
FNDA:0,(anonymous_29)
FNDA:0,(anonymous_30)
FNDA:0,(anonymous_31)
FNDA:0,(anonymous_32)
FNDA:0,(anonymous_33)
FNDA:0,(anonymous_34)
FNDA:0,(anonymous_35)
FNDA:0,(anonymous_36)
FNDA:0,(anonymous_37)
FNDA:0,(anonymous_38)
FNDA:0,(anonymous_39)
FNDA:0,(anonymous_40)
FNDA:0,(anonymous_41)
FNDA:0,(anonymous_42)
FNDA:0,(anonymous_43)
FNDA:0,(anonymous_44)
FNDA:0,value
FNDA:0,collapsed
FNDA:0,(anonymous_47)
FNDA:0,(anonymous_48)
FNDA:0,(anonymous_49)
FNDA:0,click
FNDA:0,(anonymous_51)
FNDA:0,(anonymous_52)
FNDA:0,(anonymous_53)
FNDA:0,(anonymous_54)
FNDA:0,(anonymous_55)
DA:30,0
DA:31,0
DA:33,0
DA:34,0
DA:35,0
DA:36,0
DA:37,0
DA:38,0
DA:39,0
DA:40,0
DA:41,0
DA:42,0
DA:43,0
DA:45,0
DA:46,0
DA:47,0
DA:49,0
DA:51,0
DA:52,0
DA:53,0
DA:56,0
DA:57,0
DA:58,0
DA:61,0
DA:63,0
DA:64,0
DA:66,0
DA:67,0
DA:69,0
DA:71,0
DA:72,0
DA:73,0
DA:75,0
DA:76,0
DA:79,0
DA:80,0
DA:81,0
DA:82,0
DA:83,0
DA:84,0
DA:86,0
DA:88,0
DA:89,0
DA:90,0
DA:91,0
DA:92,0
DA:94,0
DA:96,0
DA:100,0
DA:101,0
DA:105,0
DA:106,0
DA:108,0
DA:112,0
DA:113,0
DA:114,0
DA:116,0
DA:122,0
DA:123,0
DA:126,0
DA:127,0
DA:129,0
DA:136,0
DA:137,0
DA:138,0
DA:139,0
DA:145,0
DA:146,0
DA:147,0
DA:153,0
DA:154,0
DA:155,0
DA:156,0
DA:160,0
DA:161,0
DA:162,0
DA:166,0
DA:167,0
DA:168,0
DA:169,0
DA:170,0
DA:171,0
DA:172,0
DA:173,0
DA:174,0
DA:176,0
DA:180,0
DA:181,0
DA:182,0
DA:183,0
DA:188,0
DA:193,0
DA:194,0
DA:195,0
DA:199,0
DA:200,0
DA:201,0
DA:204,0
DA:205,0
DA:209,0
DA:211,0
DA:213,0
DA:217,0
DA:221,0
DA:226,0
DA:227,0
DA:228,0
DA:229,0
DA:230,0
DA:231,0
DA:232,0
DA:233,0
DA:237,0
DA:238,0
DA:239,0
DA:240,0
DA:241,0
DA:242,0
DA:243,0
DA:244,0
DA:245,0
DA:246,0
DA:250,0
DA:254,0
DA:255,0
DA:256,0
DA:257,0
DA:258,0
DA:260,0
DA:261,0
DA:262,0
DA:263,0
DA:268,0
DA:269,0
DA:270,0
DA:271,0
DA:272,0
DA:273,0
DA:275,0
DA:285,0
DA:286,0
DA:287,0
DA:288,0
DA:292,0
DA:293,0
DA:294,0
DA:295,0
DA:298,0
DA:299,0
DA:300,0
DA:301,0
DA:303,0
DA:304,0
DA:305,0
DA:306,0
DA:308,0
DA:309,0
DA:310,0
DA:313,0
DA:314,0
DA:315,0
DA:316,0
DA:317,0
DA:318,0
DA:320,0
DA:321,0
DA:322,0
DA:327,0
DA:328,0
DA:329,0
DA:333,0
DA:334,0
DA:335,0
DA:337,0
DA:339,0
DA:340,0
DA:342,0
DA:343,0
DA:344,0
DA:347,0
DA:350,0
DA:351,0
DA:352,0
DA:353,0
DA:357,0
DA:360,0
DA:362,0
DA:363,0
DA:364,0
DA:365,0
DA:375,0
DA:376,0
DA:379,0
DA:380,0
DA:381,0
DA:384,0
DA:385,0
DA:386,0
DA:388,0
DA:389,0
DA:394,0
LF:201
LH:0
BRDA:67,0,0,0
BRDA:67,0,1,0
BRDA:81,1,0,0
BRDA:81,1,1,0
BRDA:88,2,0,0
BRDA:88,2,1,0
BRDA:100,3,0,0
BRDA:100,3,1,0
BRDA:101,4,0,0
BRDA:101,4,1,0
BRDA:112,5,0,0
BRDA:112,5,1,0
BRDA:113,6,0,0
BRDA:113,6,1,0
BRDA:114,7,0,0
BRDA:114,7,1,0
BRDA:123,8,0,0
BRDA:123,8,1,0
BRDA:127,9,0,0
BRDA:127,9,1,0
BRDA:136,10,0,0
BRDA:136,10,1,0
BRDA:138,11,0,0
BRDA:138,11,1,0
BRDA:138,12,0,0
BRDA:138,12,1,0
BRDA:138,12,2,0
BRDA:160,13,0,0
BRDA:160,13,1,0
BRDA:165,14,0,0
BRDA:165,15,0,0
BRDA:167,16,0,0
BRDA:167,16,1,0
BRDA:193,17,0,0
BRDA:193,17,1,0
BRDA:198,18,0,0
BRDA:198,19,0,0
BRDA:204,20,0,0
BRDA:204,20,1,0
BRDA:209,21,0,0
BRDA:209,21,1,0
BRDA:220,22,0,0
BRDA:226,23,0,0
BRDA:226,23,1,0
BRDA:231,24,0,0
BRDA:231,24,1,0
BRDA:257,25,0,0
BRDA:257,25,1,0
BRDA:269,26,0,0
BRDA:269,26,1,0
BRDA:286,27,0,0
BRDA:286,27,1,0
BRDA:293,28,0,0
BRDA:293,28,1,0
BRDA:301,29,0,0
BRDA:301,29,1,0
BRDA:51,30,0,0
BRDA:51,30,1,0
BRDA:57,31,0,0
BRDA:57,31,1,0
BRDA:314,32,0,0
BRDA:314,32,1,0
BRDA:315,33,0,0
BRDA:315,33,1,0
BRDA:321,34,0,0
BRDA:321,34,1,0
BRDA:327,35,0,0
BRDA:327,35,1,0
BRDA:327,36,0,0
BRDA:327,36,1,0
BRDA:327,36,2,0
BRDA:329,37,0,0
BRDA:329,37,1,0
BRDA:329,38,0,0
BRDA:329,38,1,0
BRDA:339,39,0,0
BRDA:339,39,1,0
BRDA:339,40,0,0
BRDA:339,40,1,0
BRDA:343,41,0,0
BRDA:343,41,1,0
BRDA:360,42,0,0
BRDA:360,42,1,0
BRDA:360,43,0,0
BRDA:360,43,1,0
BRDA:375,44,0,0
BRDA:375,44,1,0
BRDA:375,45,0,0
BRDA:375,45,1,0
BRDA:379,46,0,0
BRDA:379,46,1,0
BRDA:385,47,0,0
BRDA:385,47,1,0
BRDA:334,48,0,0
BRDA:334,48,1,0
BRDA:334,49,0,0
BRDA:334,49,1,0
BRDA:334,49,2,0
BRF:98
BRH:0
end_of_record
TN:
SF:src/vite-env.d.ts
FNF:0
FNH:0
LF:0
LH:0
BRF:0
BRH:0
end_of_record
TN:
SF:src/components/AgentFlow.svelte
FN:1,AgentFlow
FN:39,layout
FN:50,(anonymous_2)
FN:51,(anonymous_3)
FN:67,select
FN:35,(anonymous_5)
FN:36,(anonymous_6)
FN:37,(anonymous_7)
FN:5,(anonymous_8)
FN:5,(anonymous_9)
FN:77,(anonymous_10)
FN:77,(anonymous_11)
FN:78,(anonymous_12)
FN:79,(anonymous_13)
FN:78,(anonymous_14)
FN:82,(anonymous_15)
FN:79,(anonymous_16)
FN:83,(anonymous_17)
FN:90,(anonymous_18)
FN:90,(anonymous_19)
FN:90,(anonymous_20)
FN:110,(anonymous_21)
FN:90,(anonymous_22)
FN:109,(anonymous_23)
FN:105,(anonymous_24)
FN:107,(anonymous_25)
FN:108,(anonymous_26)
FN:113,(anonymous_27)
FN:91,click
FN:72,(anonymous_29)
FNF:30
FNH:0
FNDA:0,AgentFlow
FNDA:0,layout
FNDA:0,(anonymous_2)
FNDA:0,(anonymous_3)
FNDA:0,select
FNDA:0,(anonymous_5)
FNDA:0,(anonymous_6)
FNDA:0,(anonymous_7)
FNDA:0,(anonymous_8)
FNDA:0,(anonymous_9)
FNDA:0,(anonymous_10)
FNDA:0,(anonymous_11)
FNDA:0,(anonymous_12)
FNDA:0,(anonymous_13)
FNDA:0,(anonymous_14)
FNDA:0,(anonymous_15)
FNDA:0,(anonymous_16)
FNDA:0,(anonymous_17)
FNDA:0,(anonymous_18)
FNDA:0,(anonymous_19)
FNDA:0,(anonymous_20)
FNDA:0,(anonymous_21)
FNDA:0,(anonymous_22)
FNDA:0,(anonymous_23)
FNDA:0,(anonymous_24)
FNDA:0,(anonymous_25)
FNDA:0,(anonymous_26)
FNDA:0,(anonymous_27)
FNDA:0,click
FNDA:0,(anonymous_29)
DA:5,0
DA:9,0
DA:10,0
DA:11,0
DA:12,0
DA:13,0
DA:15,0
DA:34,0
DA:35,0
DA:36,0
DA:37,0
DA:40,0
DA:42,0
DA:43,0
DA:44,0
DA:45,0
DA:46,0
DA:48,0
DA:49,0
DA:50,0
DA:51,0
DA:52,0
DA:64,0
DA:68,0
DA:72,0
DA:73,0
DA:75,0
DA:76,0
DA:77,0
DA:78,0
DA:79,0
DA:80,0
DA:81,0
DA:82,0
DA:83,0
DA:90,0
DA:91,0
DA:96,0
DA:97,0
DA:99,0
DA:105,0
DA:107,0
DA:108,0
DA:109,0
DA:110,0
DA:112,0
DA:113,0
LF:47
LH:0
BRDA:40,0,0,0
BRDA:40,0,1,0
BRDA:44,1,0,0
BRDA:44,1,1,0
BRDA:80,2,0,0
BRDA:80,2,1,0
BRDA:80,3,0,0
BRDA:80,3,1,0
BRDA:90,4,0,0
BRDA:90,4,1,0
BRDA:109,5,0,0
BRDA:109,5,1,0
BRDA:91,6,0,0
BRDA:91,6,1,0
BRDA:95,7,0,0
BRDA:95,7,1,0
BRDA:99,8,0,0
BRDA:105,9,0,0
BRDA:105,9,1,0
BRDA:90,10,0,0
BRDA:90,10,1,0
BRDA:112,11,0,0
BRDA:112,11,1,0
BRDA:90,12,0,0
BRDA:90,12,1,0
BRDA:113,13,0,0
BRDA:113,14,0,0
BRDA:113,14,1,0
BRDA:97,15,0,0
BRDA:97,15,1,0
BRDA:97,15,2,0
BRF:31
BRH:0
end_of_record
TN:
SF:src/components/AgentTimeline.svelte
FN:1,AgentTimeline
FN:20,select
FN:18,(anonymous_2)
FN:29,(anonymous_3)
FN:29,(anonymous_4)
FN:30,(anonymous_5)
FN:30,(anonymous_6)
FN:30,(anonymous_7)
FN:30,(anonymous_8)
FN:47,(anonymous_9)
FN:51,(anonymous_10)
FN:35,(anonymous_11)
FN:44,(anonymous_12)
FN:31,click
FN:18,(anonymous_14)
FNF:15
FNH:0
FNDA:0,AgentTimeline
FNDA:0,select
FNDA:0,(anonymous_2)
FNDA:0,(anonymous_3)
FNDA:0,(anonymous_4)
FNDA:0,(anonymous_5)
FNDA:0,(anonymous_6)
FNDA:0,(anonymous_7)
FNDA:0,(anonymous_8)
FNDA:0,(anonymous_9)
FNDA:0,(anonymous_10)
FNDA:0,(anonymous_11)
FNDA:0,(anonymous_12)
FNDA:0,click
FNDA:0,(anonymous_14)
DA:5,0
DA:10,0
DA:18,0
DA:21,0
DA:25,0
DA:26,0
DA:28,0
DA:29,0
DA:30,0
DA:31,0
DA:35,0
DA:39,0
DA:40,0
DA:42,0
DA:43,0
DA:44,0
DA:45,0
DA:46,0
DA:47,0
DA:48,0
DA:50,0
DA:51,0
DA:53,0
DA:54,0
DA:56,0
DA:57,0
DA:59,0
DA:60,0
LF:28
LH:0
BRDA:18,0,0,0
BRDA:18,0,1,0
BRDA:30,1,0,0
BRDA:30,1,1,0
BRDA:47,2,0,0
BRDA:47,2,1,0
BRDA:30,3,0,0
BRDA:30,3,1,0
BRDA:30,4,0,0
BRDA:30,4,1,0
BRDA:30,5,0,0
BRDA:30,5,1,0
BRDA:31,6,0,0
BRDA:31,6,1,0
BRDA:38,7,0,0
BRDA:38,7,1,0
BRDA:44,8,0,0
BRDA:44,8,1,0
BRDA:40,9,0,0
BRDA:40,9,1,0
BRDA:40,9,2,0
BRDA:18,10,0,0
BRDA:18,10,1,0
BRF:23
BRH:0
end_of_record
TN:
SF:src/components/BudgetsDialog.svelte
FN:1,BudgetsDialog
FN:18,(anonymous_1)
FN:34,close
FN:38,addBudget
FN:45,isViolated
FN:46,(anonymous_5)
FN:50,(anonymous_6)
FN:57,(anonymous_7)
FN:57,(anonymous_8)
FN:58,(anonymous_9)
FN:58,(anonymous_10)
FN:62,(anonymous_11)
FN:62,(anonymous_12)
FN:63,(anonymous_13)
FN:63,(anonymous_14)
FN:75,(anonymous_15)
FN:82,(anonymous_16)
FN:82,(anonymous_17)
FN:82,(anonymous_18)
FN:82,(anonymous_19)
FN:82,(anonymous_20)
FN:93,(anonymous_21)
FN:93,(anonymous_22)
FN:94,(anonymous_23)
FN:83,(anonymous_24)
FN:85,(anonymous_25)
FN:85,(anonymous_26)
FN:86,(anonymous_27)
FN:86,(anonymous_28)
FN:87,(anonymous_29)
FN:88,(anonymous_30)
FN:79,(anonymous_31)
FN:74,(anonymous_32)
FN:57,get
FN:62,get_2
FN:69,get_3
FNF:36
FNH:0
FNDA:0,BudgetsDialog
FNDA:0,(anonymous_1)
FNDA:0,close
FNDA:0,addBudget
FNDA:0,isViolated
FNDA:0,(anonymous_5)
FNDA:0,(anonymous_6)
FNDA:0,(anonymous_7)
FNDA:0,(anonymous_8)
FNDA:0,(anonymous_9)
FNDA:0,(anonymous_10)
FNDA:0,(anonymous_11)
FNDA:0,(anonymous_12)
FNDA:0,(anonymous_13)
FNDA:0,(anonymous_14)
FNDA:0,(anonymous_15)
FNDA:0,(anonymous_16)
FNDA:0,(anonymous_17)
FNDA:0,(anonymous_18)
FNDA:0,(anonymous_19)
FNDA:0,(anonymous_20)
FNDA:0,(anonymous_21)
FNDA:0,(anonymous_22)
FNDA:0,(anonymous_23)
FNDA:0,(anonymous_24)
FNDA:0,(anonymous_25)
FNDA:0,(anonymous_26)
FNDA:0,(anonymous_27)
FNDA:0,(anonymous_28)
FNDA:0,(anonymous_29)
FNDA:0,(anonymous_30)
FNDA:0,(anonymous_31)
FNDA:0,(anonymous_32)
FNDA:0,get
FNDA:0,get_2
FNDA:0,get_3
DA:5,0
DA:6,0
DA:8,0
DA:17,0
DA:18,0
DA:20,0
DA:22,0
DA:23,0
DA:24,0
DA:26,0
DA:35,0
DA:39,0
DA:40,0
DA:41,0
DA:42,0
DA:46,0
DA:50,0
DA:56,0
DA:57,0
DA:58,0
DA:59,0
DA:62,0
DA:63,0
DA:64,0
DA:67,0
DA:69,0
DA:74,0
DA:75,0
DA:78,0
DA:79,0
DA:80,0
DA:82,0
DA:83,0
DA:84,0
DA:85,0
DA:86,0
DA:87,0
DA:88,0
DA:89,0
DA:90,0
DA:93,0
DA:94,0
LF:42
LH:0
BRDA:39,0,0,0
BRDA:39,0,1,0
BRDA:58,1,0,0
BRDA:58,1,1,0
BRDA:59,2,0,0
BRDA:59,2,1,0
BRDA:63,3,0,0
BRDA:63,3,1,0
BRDA:64,4,0,0
BRDA:64,4,1,0
BRDA:85,5,0,0
BRDA:85,5,1,0
BRDA:86,6,0,0
BRDA:86,6,1,0
BRDA:74,7,0,0
BRDA:74,7,1,0
BRF:16
BRH:0
end_of_record
TN:
SF:src/components/CommandPalette.svelte
FN:1,CommandPalette
FN:47,buildStatic
FN:57,(anonymous_2)
FN:77,(anonymous_3)
FN:85,(anonymous_4)
FN:85,(anonymous_5)
FN:94,(anonymous_6)
FN:94,(anonymous_7)
FN:101,spanCommands
FN:109,(anonymous_9)
FN:117,(anonymous_10)
FN:130,matches
FN:149,enter
FN:157,close
FN:163,runAt
FN:170,onKeydown
FN:179,scrollToCursor
FN:137,(anonymous_17)
FN:142,(anonymous_18)
FN:191,(anonymous_19)
FN:192,(anonymous_20)
FN:209,(anonymous_21)
FN:209,(anonymous_22)
FN:209,(anonymous_23)
FN:209,(anonymous_24)
FN:225,(anonymous_25)
FN:227,(anonymous_26)
FN:230,(anonymous_27)
FN:213,click
FN:235,(anonymous_29)
FN:208,(anonymous_30)
FN:208,(anonymous_31)
FN:201,(anonymous_32)
FN:193,get
FNF:34
FNH:29
FNDA:7,CommandPalette
FNDA:10,buildStatic
FNDA:1,(anonymous_2)
FNDA:1,(anonymous_3)
FNDA:0,(anonymous_4)
FNDA:0,(anonymous_5)
FNDA:1,(anonymous_6)
FNDA:1,(anonymous_7)
FNDA:34,spanCommands
FNDA:18,(anonymous_9)
FNDA:0,(anonymous_10)
FNDA:345,matches
FNDA:6,enter
FNDA:5,close
FNDA:4,runAt
FNDA:25,onKeydown
FNDA:0,scrollToCursor
FNDA:345,(anonymous_17)
FNDA:135,(anonymous_18)
FNDA:48,(anonymous_19)
FNDA:12,(anonymous_20)
FNDA:33,(anonymous_21)
FNDA:447,(anonymous_22)
FNDA:2045,(anonymous_23)
FNDA:191,(anonymous_24)
FNDA:26,(anonymous_25)
FNDA:69,(anonymous_26)
FNDA:130,(anonymous_27)
FNDA:8,click
FNDA:0,(anonymous_29)
FNDA:12,(anonymous_30)
FNDA:12,(anonymous_31)
FNDA:36,(anonymous_32)
FNDA:84,get
DA:17,7
DA:18,7
DA:19,7
DA:20,7
DA:21,7
DA:23,7
DA:34,7
DA:35,7
DA:36,7
DA:37,7
DA:38,7
DA:40,7
DA:41,7
DA:42,7
DA:45,10
DA:48,10
DA:50,10
DA:51,7
DA:52,35
DA:57,1
DA:62,10
DA:67,10
DA:68,7
DA:71,10
DA:77,1
DA:85,0
DA:88,10
DA:89,7
DA:94,1
DA:97,10
DA:102,34
DA:103,18
DA:104,18
DA:105,18
DA:107,0
DA:109,18
DA:110,18
DA:111,18
DA:112,18
DA:118,0
DA:119,0
DA:120,0
DA:121,0
DA:125,0
DA:131,345
DA:132,282
DA:135,34
DA:137,345
DA:139,37
DA:142,135
DA:147,7
DA:150,6
DA:151,6
DA:152,6
DA:153,6
DA:154,6
DA:158,5
DA:159,5
DA:160,5
DA:164,4
DA:165,4
DA:166,4
DA:167,4
DA:171,25
DA:172,24
DA:173,24
DA:174,24
DA:176,24
DA:180,0
DA:181,0
DA:185,7
DA:186,6
DA:187,6
DA:188,6
DA:189,6
DA:191,36
DA:192,12
DA:193,24
DA:201,36
DA:208,12
DA:209,1577
DA:210,130
DA:211,68
DA:213,136
DA:220,4
DA:221,4
DA:222,0
DA:224,130
DA:225,87
DA:227,69
DA:229,136
DA:230,130
DA:231,47
DA:235,0
LF:94
LH:83
BRDA:50,0,0,7
BRDA:50,0,1,3
BRDA:67,1,0,7
BRDA:67,1,1,3
BRDA:74,2,0,4
BRDA:74,2,1,6
BRDA:76,3,0,4
BRDA:76,3,1,6
BRDA:88,4,0,7
BRDA:88,4,1,3
BRDA:91,5,0,5
BRDA:91,5,1,2
BRDA:102,6,0,16
BRDA:102,6,1,18
BRDA:102,7,0,34
BRDA:102,7,1,25
BRDA:131,8,0,63
BRDA:131,8,1,282
BRDA:132,9,0,282
BRDA:132,9,1,96
BRDA:165,10,0,0
BRDA:165,10,1,4
BRDA:171,11,0,1
BRDA:171,11,1,24
BRDA:172,12,0,0
BRDA:172,12,1,24
BRDA:173,13,0,0
BRDA:173,13,1,24
BRDA:174,14,0,0
BRDA:174,14,1,24
BRDA:176,15,0,0
BRDA:176,15,1,24
BRDA:42,16,0,7
BRDA:42,16,1,3
BRDA:139,17,0,0
BRDA:139,17,1,37
BRDA:144,18,0,135
BRDA:144,18,1,101
BRDA:147,19,0,6
BRDA:147,19,1,1
BRDA:210,20,0,68
BRDA:210,20,1,62
BRDA:227,21,0,33
BRDA:227,21,1,36
BRDA:227,22,0,69
BRDA:227,22,1,69
BRDA:209,23,0,61
BRDA:209,23,1,69
BRDA:230,24,0,130
BRDA:230,24,1,80
BRDA:213,25,0,136
BRDA:213,25,1,0
BRDA:222,26,0,0
BRDA:222,26,1,0
BRDA:222,27,0,0
BRDA:222,27,1,0
BRDA:235,28,0,0
BRDA:235,28,1,0
BRDA:201,29,0,36
BRDA:201,29,1,0
BRDA:185,30,0,6
BRDA:185,30,1,1
BRF:62
BRH:48
end_of_record
TN:
SF:src/components/ComparisonTable.svelte
FN:1,ComparisonTable
FN:12,buildMatrix
FN:26,cellClass
FN:37,(anonymous_3)
FN:10,(anonymous_4)
FN:10,(anonymous_5)
FN:50,(anonymous_6)
FN:50,(anonymous_7)
FN:52,click
FN:59,click_1
FN:70,(anonymous_10)
FN:70,(anonymous_11)
FN:71,(anonymous_12)
FN:71,(anonymous_13)
FN:71,(anonymous_14)
FN:74,(anonymous_15)
FNF:16
FNH:0
FNDA:0,ComparisonTable
FNDA:0,buildMatrix
FNDA:0,cellClass
FNDA:0,(anonymous_3)
FNDA:0,(anonymous_4)
FNDA:0,(anonymous_5)
FNDA:0,(anonymous_6)
FNDA:0,(anonymous_7)
FNDA:0,click
FNDA:0,click_1
FNDA:0,(anonymous_10)
FNDA:0,(anonymous_11)
FNDA:0,(anonymous_12)
FNDA:0,(anonymous_13)
FNDA:0,(anonymous_14)
FNDA:0,(anonymous_15)
DA:6,0
DA:7,0
DA:10,0
DA:13,0
DA:14,0
DA:15,0
DA:16,0
DA:17,0
DA:18,0
DA:20,0
DA:21,0
DA:27,0
DA:28,0
DA:29,0
DA:30,0
DA:31,0
DA:32,0
DA:36,0
DA:37,0
DA:38,0
DA:39,0
DA:45,0
DA:46,0
DA:47,0
DA:48,0
DA:50,0
DA:51,0
DA:52,0
DA:57,0
DA:59,0
DA:64,0
DA:65,0
DA:70,0
DA:71,0
DA:72,0
DA:73,0
DA:75,0
LF:37
LH:0
BRDA:14,0,0,0
BRDA:14,0,1,0
BRDA:17,1,0,0
BRDA:17,1,1,0
BRDA:27,2,0,0
BRDA:27,2,1,0
BRDA:27,3,0,0
BRDA:27,3,1,0
BRDA:30,4,0,0
BRDA:30,4,1,0
BRDA:31,5,0,0
BRDA:31,5,1,0
BRDA:32,6,0,0
BRDA:32,6,1,0
BRDA:65,7,0,0
BRDA:65,7,1,0
BRDA:36,8,0,0
BRDA:36,8,1,0
BRDA:36,9,0,0
BRDA:36,9,1,0
BRF:20
BRH:0
end_of_record
TN:
SF:src/components/ConversationView.svelte
FN:1,ConversationView
FN:22,buildTurns
FN:27,(anonymous_2)
FN:34,(anonymous_3)
FN:38,(anonymous_4)
FN:49,fmtCost
FN:55,roleClass
FN:62,select
FN:69,(anonymous_8)
FN:71,(anonymous_9)
FN:78,(anonymous_10)
FN:78,(anonymous_11)
FN:79,(anonymous_12)
FN:79,(anonymous_13)
FN:80,(anonymous_14)
FN:79,(anonymous_15)
FN:91,(anonymous_16)
FN:91,(anonymous_17)
FN:90,(anonymous_18)
FN:96,(anonymous_19)
FN:96,(anonymous_20)
FN:94,(anonymous_21)
FN:100,(anonymous_22)
FN:99,(anonymous_23)
FN:104,(anonymous_24)
FN:103,(anonymous_25)
FN:109,(anonymous_26)
FN:109,(anonymous_27)
FN:109,(anonymous_28)
FN:116,(anonymous_29)
FN:116,(anonymous_30)
FN:116,(anonymous_31)
FN:124,(anonymous_32)
FN:124,(anonymous_33)
FN:124,(anonymous_34)
FN:131,(anonymous_35)
FN:140,(anonymous_36)
FN:140,(anonymous_37)
FN:138,(anonymous_38)
FN:87,click
FN:81,mouseenter
FN:70,(anonymous_41)
FNF:42
FNH:0
FNDA:0,ConversationView
FNDA:0,buildTurns
FNDA:0,(anonymous_2)
FNDA:0,(anonymous_3)
FNDA:0,(anonymous_4)
FNDA:0,fmtCost
FNDA:0,roleClass
FNDA:0,select
FNDA:0,(anonymous_8)
FNDA:0,(anonymous_9)
FNDA:0,(anonymous_10)
FNDA:0,(anonymous_11)
FNDA:0,(anonymous_12)
FNDA:0,(anonymous_13)
FNDA:0,(anonymous_14)
FNDA:0,(anonymous_15)
FNDA:0,(anonymous_16)
FNDA:0,(anonymous_17)
FNDA:0,(anonymous_18)
FNDA:0,(anonymous_19)
FNDA:0,(anonymous_20)
FNDA:0,(anonymous_21)
FNDA:0,(anonymous_22)
FNDA:0,(anonymous_23)
FNDA:0,(anonymous_24)
FNDA:0,(anonymous_25)
FNDA:0,(anonymous_26)
FNDA:0,(anonymous_27)
FNDA:0,(anonymous_28)
FNDA:0,(anonymous_29)
FNDA:0,(anonymous_30)
FNDA:0,(anonymous_31)
FNDA:0,(anonymous_32)
FNDA:0,(anonymous_33)
FNDA:0,(anonymous_34)
FNDA:0,(anonymous_35)
FNDA:0,(anonymous_36)
FNDA:0,(anonymous_37)
FNDA:0,(anonymous_38)
FNDA:0,click
FNDA:0,mouseenter
FNDA:0,(anonymous_41)
DA:16,0
DA:17,0
DA:20,0
DA:23,0
DA:24,0
DA:25,0
DA:26,0
DA:28,0
DA:29,0
DA:31,0
DA:34,0
DA:39,0
DA:40,0
DA:41,0
DA:44,0
DA:45,0
DA:50,0
DA:51,0
DA:56,0
DA:57,0
DA:58,0
DA:59,0
DA:63,0
DA:67,0
DA:68,0
DA:69,0
DA:70,0
DA:71,0
DA:78,0
DA:79,0
DA:80,0
DA:81,0
DA:84,0
DA:85,0
DA:87,0
DA:88,0
DA:89,0
DA:90,0
DA:91,0
DA:94,0
DA:95,0
DA:96,0
DA:99,0
DA:100,0
DA:102,0
DA:103,0
DA:104,0
DA:108,0
DA:109,0
DA:110,0
DA:111,0
DA:112,0
DA:116,0
DA:117,0
DA:118,0
DA:119,0
DA:120,0
DA:124,0
DA:125,0
DA:126,0
DA:127,0
DA:131,0
DA:132,0
DA:138,0
DA:139,0
DA:140,0
LF:66
LH:0
BRDA:23,0,0,0
BRDA:23,0,1,0
BRDA:34,1,0,0
BRDA:34,1,1,0
BRDA:41,2,0,0
BRDA:41,2,1,0
BRDA:41,3,0,0
BRDA:41,3,1,0
BRDA:50,4,0,0
BRDA:50,4,1,0
BRDA:50,5,0,0
BRDA:50,5,1,0
BRDA:51,6,0,0
BRDA:51,6,1,0
BRDA:57,7,0,0
BRDA:57,7,1,0
BRDA:57,8,0,0
BRDA:57,8,1,0
BRDA:57,8,2,0
BRDA:58,9,0,0
BRDA:58,9,1,0
BRDA:58,10,0,0
BRDA:58,10,1,0
BRDA:96,11,0,0
BRDA:96,11,1,0
BRDA:96,12,0,0
BRDA:96,12,1,0
BRDA:94,13,0,0
BRDA:94,13,1,0
BRDA:100,14,0,0
BRDA:100,14,1,0
BRDA:99,15,0,0
BRDA:99,15,1,0
BRDA:109,16,0,0
BRDA:109,16,1,0
BRDA:110,17,0,0
BRDA:110,17,1,0
BRDA:109,18,0,0
BRDA:109,18,1,0
BRDA:116,19,0,0
BRDA:116,19,1,0
BRDA:116,20,0,0
BRDA:116,20,1,0
BRDA:116,21,0,0
BRDA:116,21,1,0
BRDA:116,22,0,0
BRDA:116,22,1,0
BRDA:124,23,0,0
BRDA:124,23,1,0
BRDA:125,24,0,0
BRDA:125,24,1,0
BRDA:124,25,0,0
BRDA:124,25,1,0
BRDA:131,26,0,0
BRDA:131,26,1,0
BRDA:131,26,2,0
BRDA:131,27,0,0
BRDA:131,27,1,0
BRDA:140,28,0,0
BRDA:140,28,1,0
BRDA:68,29,0,0
BRDA:68,29,1,0
BRF:62
BRH:0
end_of_record
TN:
SF:src/components/DashboardView.svelte
FN:1,DashboardView
FN:11,(anonymous_1)
FN:12,(anonymous_2)
FN:27,setSort
FN:47,(anonymous_4)
FN:53,toggle
FN:55,(anonymous_6)
FN:62,indexOfTrace
FN:63,(anonymous_8)
FN:66,openTrace
FN:73,compareSelected
FN:36,(anonymous_11)
FN:51,(anonymous_12)
FN:100,(anonymous_13)
FN:101,(anonymous_14)
FN:102,click
FN:122,(anonymous_16)
FN:122,(anonymous_17)
FN:123,(anonymous_18)
FN:128,(anonymous_19)
FN:134,(anonymous_20)
FN:123,(anonymous_21)
FN:142,(anonymous_22)
FN:124,(anonymous_23)
FN:129,(anonymous_24)
FN:130,(anonymous_25)
FN:123,(anonymous_26)
FN:126,change
FN:135,click_8
FN:154,(anonymous_29)
FN:154,(anonymous_30)
FN:154,(anonymous_31)
FN:157,(anonymous_32)
FN:157,(anonymous_33)
FN:151,(anonymous_34)
FN:90,(anonymous_35)
FN:94,(anonymous_36)
FN:91,(anonymous_37)
FN:92,(anonymous_38)
FN:93,(anonymous_39)
FN:95,(anonymous_40)
FN:111,(anonymous_41)
FN:113,(anonymous_42)
FN:114,(anonymous_43)
FN:115,(anonymous_44)
FN:116,(anonymous_45)
FN:117,(anonymous_46)
FN:119,(anonymous_47)
FN:111,click_1
FN:113,click_2
FN:114,click_3
FN:115,click_4
FN:116,click_5
FN:117,click_6
FN:119,click_7
FN:86,(anonymous_55)
FNF:56
FNH:0
FNDA:0,DashboardView
FNDA:0,(anonymous_1)
FNDA:0,(anonymous_2)
FNDA:0,setSort
FNDA:0,(anonymous_4)
FNDA:0,toggle
FNDA:0,(anonymous_6)
FNDA:0,indexOfTrace
FNDA:0,(anonymous_8)
FNDA:0,openTrace
FNDA:0,compareSelected
FNDA:0,(anonymous_11)
FNDA:0,(anonymous_12)
FNDA:0,(anonymous_13)
FNDA:0,(anonymous_14)
FNDA:0,click
FNDA:0,(anonymous_16)
FNDA:0,(anonymous_17)
FNDA:0,(anonymous_18)
FNDA:0,(anonymous_19)
FNDA:0,(anonymous_20)
FNDA:0,(anonymous_21)
FNDA:0,(anonymous_22)
FNDA:0,(anonymous_23)
FNDA:0,(anonymous_24)
FNDA:0,(anonymous_25)
FNDA:0,(anonymous_26)
FNDA:0,change
FNDA:0,click_8
FNDA:0,(anonymous_29)
FNDA:0,(anonymous_30)
FNDA:0,(anonymous_31)
FNDA:0,(anonymous_32)
FNDA:0,(anonymous_33)
FNDA:0,(anonymous_34)
FNDA:0,(anonymous_35)
FNDA:0,(anonymous_36)
FNDA:0,(anonymous_37)
FNDA:0,(anonymous_38)
FNDA:0,(anonymous_39)
FNDA:0,(anonymous_40)
FNDA:0,(anonymous_41)
FNDA:0,(anonymous_42)
FNDA:0,(anonymous_43)
FNDA:0,(anonymous_44)
FNDA:0,(anonymous_45)
FNDA:0,(anonymous_46)
FNDA:0,(anonymous_47)
FNDA:0,click_1
FNDA:0,click_2
FNDA:0,click_3
FNDA:0,click_4
FNDA:0,click_5
FNDA:0,click_6
FNDA:0,click_7
FNDA:0,(anonymous_55)
DA:9,0
DA:11,0
DA:12,0
DA:13,0
DA:24,0
DA:25,0
DA:28,0
DA:30,0
DA:31,0
DA:35,0
DA:37,0
DA:38,0
DA:39,0
DA:43,0
DA:47,0
DA:51,0
DA:54,0
DA:55,0
DA:56,0
DA:57,0
DA:63,0
DA:67,0
DA:68,0
DA:69,0
DA:70,0
DA:74,0
DA:75,0
DA:76,0
DA:77,0
DA:78,0
DA:79,0
DA:80,0
DA:81,0
DA:85,0
DA:86,0
DA:87,0
DA:89,0
DA:90,0
DA:91,0
DA:92,0
DA:93,0
DA:94,0
DA:95,0
DA:98,0
DA:99,0
DA:100,0
DA:101,0
DA:102,0
DA:106,0
DA:107,0
DA:108,0
DA:109,0
DA:111,0
DA:113,0
DA:114,0
DA:115,0
DA:116,0
DA:117,0
DA:119,0
DA:122,0
DA:123,0
DA:124,0
DA:125,0
DA:126,0
DA:128,0
DA:129,0
DA:130,0
DA:131,0
DA:134,0
DA:135,0
DA:137,0
DA:138,0
DA:139,0
DA:140,0
DA:141,0
DA:142,0
DA:143,0
DA:144,0
DA:151,0
DA:152,0
DA:154,0
DA:155,0
DA:156,0
DA:157,0
LF:84
LH:0
BRDA:13,0,0,0
BRDA:13,0,1,0
BRDA:13,1,0,0
BRDA:13,1,1,0
BRDA:28,2,0,0
BRDA:28,2,1,0
BRDA:28,3,0,0
BRDA:28,3,1,0
BRDA:31,4,0,0
BRDA:31,4,1,0
BRDA:47,5,0,0
BRDA:47,5,1,0
BRDA:48,6,0,0
BRDA:48,6,1,0
BRDA:54,7,0,0
BRDA:54,7,1,0
BRDA:56,8,0,0
BRDA:56,8,1,0
BRDA:68,9,0,0
BRDA:68,9,1,0
BRDA:74,10,0,0
BRDA:74,10,1,0
BRDA:78,11,0,0
BRDA:78,11,1,0
BRDA:78,12,0,0
BRDA:78,12,1,0
BRDA:35,13,0,0
BRDA:39,14,0,0
BRDA:39,14,1,0
BRDA:39,15,0,0
BRDA:39,15,1,0
BRDA:51,16,0,0
BRDA:51,16,1,0
BRDA:100,17,0,0
BRDA:100,18,0,0
BRDA:100,18,1,0
BRDA:51,19,0,0
BRDA:51,19,1,0
BRDA:134,20,0,0
BRDA:134,20,1,0
BRDA:130,21,0,0
BRDA:130,21,1,0
BRDA:154,22,0,0
BRDA:154,22,1,0
BRDA:157,23,0,0
BRDA:157,24,0,0
BRDA:157,24,1,0
BRDA:86,25,0,0
BRDA:86,25,1,0
BRF:49
BRH:0
end_of_record
TN:
SF:src/components/DiffView.svelte
FN:1,DiffView
FN:9,loadComparisonFile
FN:13,(anonymous_2)
FN:28,pasteComparison
FN:29,(anonymous_4)
FN:34,(anonymous_5)
FN:37,diffNumber
FN:45,diffDuration
FN:69,(anonymous_8)
FN:126,(anonymous_9)
FN:100,(anonymous_10)
FN:101,(anonymous_11)
FN:120,(anonymous_12)
FN:86,(anonymous_13)
FN:87,(anonymous_14)
FN:89,(anonymous_15)
FN:94,(anonymous_16)
FN:95,(anonymous_17)
FN:96,(anonymous_18)
FN:102,(anonymous_19)
FN:106,(anonymous_20)
FN:107,(anonymous_21)
FN:109,(anonymous_22)
FN:114,(anonymous_23)
FN:115,(anonymous_24)
FN:116,(anonymous_25)
FN:126,click
FNF:27
FNH:0
FNDA:0,DiffView
FNDA:0,loadComparisonFile
FNDA:0,(anonymous_2)
FNDA:0,pasteComparison
FNDA:0,(anonymous_4)
FNDA:0,(anonymous_5)
FNDA:0,diffNumber
FNDA:0,diffDuration
FNDA:0,(anonymous_8)
FNDA:0,(anonymous_9)
FNDA:0,(anonymous_10)
FNDA:0,(anonymous_11)
FNDA:0,(anonymous_12)
FNDA:0,(anonymous_13)
FNDA:0,(anonymous_14)
FNDA:0,(anonymous_15)
FNDA:0,(anonymous_16)
FNDA:0,(anonymous_17)
FNDA:0,(anonymous_18)
FNDA:0,(anonymous_19)
FNDA:0,(anonymous_20)
FNDA:0,(anonymous_21)
FNDA:0,(anonymous_22)
FNDA:0,(anonymous_23)
FNDA:0,(anonymous_24)
FNDA:0,(anonymous_25)
FNDA:0,click
DA:10,0
DA:11,0
DA:12,0
DA:13,0
DA:14,0
DA:15,0
DA:16,0
DA:17,0
DA:18,0
DA:19,0
DA:21,0
DA:25,0
DA:29,0
DA:30,0
DA:31,0
DA:32,0
DA:38,0
DA:39,0
DA:40,0
DA:41,0
DA:42,0
DA:46,0
DA:49,0
DA:50,0
DA:51,0
DA:54,0
DA:55,0
DA:59,0
DA:60,0
DA:61,0
DA:64,0
DA:65,0
DA:66,0
DA:67,0
DA:69,0
DA:70,0
DA:72,0
DA:73,0
DA:74,0
DA:83,0
DA:84,0
DA:86,0
DA:87,0
DA:88,0
DA:89,0
DA:92,0
DA:94,0
DA:95,0
DA:96,0
DA:98,0
DA:100,0
DA:101,0
DA:102,0
DA:104,0
DA:106,0
DA:107,0
DA:108,0
DA:109,0
DA:112,0
DA:114,0
DA:115,0
DA:116,0
DA:118,0
DA:120,0
DA:126,0
LF:65
LH:0
BRDA:15,0,0,0
BRDA:15,0,1,0
BRDA:30,1,0,0
BRDA:30,1,1,0
BRDA:38,2,0,0
BRDA:38,2,1,0
BRDA:38,3,0,0
BRDA:38,3,1,0
BRDA:40,4,0,0
BRDA:40,4,1,0
BRDA:41,5,0,0
BRDA:41,5,1,0
BRDA:46,6,0,0
BRDA:46,6,1,0
BRDA:46,7,0,0
BRDA:46,7,1,0
BRDA:100,8,0,0
BRDA:100,8,1,0
BRDA:108,9,0,0
BRDA:108,9,1,0
BRDA:108,10,0,0
BRDA:108,10,1,0
BRDA:120,11,0,0
BRDA:120,11,1,0
BRDA:86,12,0,0
BRDA:86,12,1,0
BRDA:89,13,0,0
BRDA:89,13,1,0
BRDA:94,14,0,0
BRDA:94,14,1,0
BRDA:96,15,0,0
BRDA:96,15,1,0
BRDA:102,16,0,0
BRDA:102,16,1,0
BRDA:106,17,0,0
BRDA:106,17,1,0
BRDA:109,18,0,0
BRDA:109,18,1,0
BRDA:114,19,0,0
BRDA:114,19,1,0
BRDA:116,20,0,0
BRDA:116,20,1,0
BRDA:54,21,0,0
BRDA:54,21,1,0
BRDA:54,22,0,0
BRDA:54,22,1,0
BRDA:64,23,0,0
BRDA:64,23,1,0
BRDA:66,24,0,0
BRDA:66,24,1,0
BRF:50
BRH:0
end_of_record
TN:
SF:src/components/DropZone.svelte
FN:1,DropZone
FN:11,onDragEnter
FN:17,onDragOver
FN:21,onDragLeave
FN:30,onDrop
FN:52,(anonymous_5)
FNF:6
FNH:0
FNDA:0,DropZone
FNDA:0,onDragEnter
FNDA:0,onDragOver
FNDA:0,onDragLeave
FNDA:0,onDrop
FNDA:0,(anonymous_5)
DA:6,0
DA:8,0
DA:9,0
DA:12,0
DA:13,0
DA:14,0
DA:18,0
DA:22,0
DA:23,0
DA:24,0
DA:25,0
DA:26,0
DA:31,0
DA:32,0
DA:33,0
DA:34,0
DA:35,0
DA:36,0
DA:37,0
DA:38,0
DA:40,0
DA:45,0
DA:46,0
DA:47,0
DA:48,0
DA:51,0
DA:52,0
LF:27
LH:0
BRDA:24,0,0,0
BRDA:24,0,1,0
BRDA:35,1,0,0
BRDA:35,1,1,0
BRDA:36,2,0,0
BRDA:36,2,1,0
BRDA:51,3,0,0
BRDA:51,3,1,0
BRF:8
BRH:0
end_of_record
TN:
SF:src/components/EditorDrawer.svelte
FN:1,EditorDrawer
FN:41,expand
FN:46,collapse
FN:53,focusLine
FN:63,handleKeyDown
FN:70,beginResize
FN:79,onWindowPointerMove
FN:91,endResize
FN:102,observeInput
FN:104,(anonymous_9)
FN:122,(anonymous_10)
FN:147,(anonymous_11)
FN:153,(anonymous_12)
FN:14,(anonymous_13)
FN:14,(anonymous_14)
FN:159,(anonymous_15)
FN:160,(anonymous_16)
FN:176,(anonymous_17)
FN:178,(anonymous_18)
FN:185,(anonymous_19)
FN:179,get
FN:137,click
FN:156,(anonymous_22)
FN:157,(anonymous_23)
FNF:24
FNH:19
FNDA:8,EditorDrawer
FNDA:1,expand
FNDA:0,collapse
FNDA:0,focusLine
FNDA:1,handleKeyDown
FNDA:0,beginResize
FNDA:5,onWindowPointerMove
FNDA:5,endResize
FNDA:7,observeInput
FNDA:0,(anonymous_9)
FNDA:8,(anonymous_10)
FNDA:10,(anonymous_11)
FNDA:1,(anonymous_12)
FNDA:16,(anonymous_13)
FNDA:16,(anonymous_14)
FNDA:1,(anonymous_15)
FNDA:0,(anonymous_16)
FNDA:15,(anonymous_17)
FNDA:14,(anonymous_18)
FNDA:8,(anonymous_19)
FNDA:17,get
FNDA:1,click
FNDA:1,(anonymous_22)
FNDA:1,(anonymous_23)
DA:14,8
DA:15,10
DA:16,8
DA:17,8
DA:18,8
DA:19,8
DA:20,8
DA:21,8
DA:22,8
DA:24,8
DA:25,8
DA:26,8
DA:27,8
DA:29,8
DA:31,9
DA:34,8
DA:35,8
DA:36,8
DA:37,8
DA:38,8
DA:39,8
DA:42,1
DA:43,1
DA:47,0
DA:48,0
DA:49,0
DA:54,0
DA:55,0
DA:56,0
DA:57,0
DA:58,0
DA:59,0
DA:60,0
DA:64,1
DA:65,0
DA:66,0
DA:71,0
DA:72,0
DA:73,0
DA:74,0
DA:75,0
DA:76,0
DA:80,5
DA:81,0
DA:82,0
DA:83,0
DA:84,0
DA:85,0
DA:86,0
DA:87,0
DA:92,5
DA:93,0
DA:94,0
DA:95,0
DA:100,15
DA:103,7
DA:104,7
DA:105,0
DA:109,0
DA:110,0
DA:111,0
DA:112,0
DA:113,0
DA:115,0
DA:117,0
DA:119,7
DA:122,8
DA:125,8
DA:127,8
DA:136,8
DA:137,10
DA:142,1
DA:144,10
DA:147,10
DA:148,2
DA:150,10
DA:152,8
DA:153,1
DA:155,8
DA:156,8
DA:157,8
DA:158,9
DA:159,8
DA:160,8
DA:165,9
DA:166,7
DA:167,7
DA:168,8
DA:176,14
DA:178,14
DA:179,1
DA:180,1
DA:185,8
LF:93
LH:57
BRDA:54,0,0,0
BRDA:54,0,1,0
BRDA:57,1,0,0
BRDA:57,1,1,0
BRDA:64,2,0,0
BRDA:64,2,1,1
BRDA:64,3,0,1
BRDA:64,3,1,1
BRDA:64,3,2,0
BRDA:80,4,0,5
BRDA:80,4,1,0
BRDA:83,5,0,0
BRDA:83,5,1,0
BRDA:86,6,0,0
BRDA:86,6,1,0
BRDA:92,7,0,5
BRDA:92,7,1,0
BRDA:107,8,0,0
BRDA:107,8,1,0
BRDA:110,9,0,0
BRDA:110,9,1,0
BRDA:111,10,0,0
BRDA:111,10,1,0
BRDA:31,11,0,2
BRDA:31,11,1,7
BRDA:100,12,0,7
BRDA:100,12,1,8
BRDA:147,13,0,10
BRDA:147,13,1,8
BRDA:152,14,0,1
BRDA:152,14,1,7
BRDA:158,15,0,7
BRDA:158,15,1,2
BRDA:185,16,0,2
BRDA:185,16,1,6
BRDA:165,17,0,7
BRDA:165,17,1,2
BRDA:142,18,0,1
BRDA:142,18,1,0
BRF:39
BRH:20
end_of_record
TN:
SF:src/components/ErrorBanner.svelte
FN:1,ErrorBanner
FN:6,(anonymous_1)
FN:16,dismiss
FN:20,formatCode
FN:27,(anonymous_4)
FN:33,(anonymous_5)
FN:33,(anonymous_6)
FN:32,(anonymous_7)
FN:30,(anonymous_8)
FN:5,(anonymous_9)
FN:29,(anonymous_10)
FN:43,(anonymous_11)
FN:46,(anonymous_12)
FN:47,click
FN:49,(anonymous_14)
FN:49,(anonymous_15)
FN:50,(anonymous_16)
FN:50,(anonymous_17)
FN:50,(anonymous_18)
FN:59,click_1
FN:58,(anonymous_20)
FN:63,(anonymous_21)
FNF:22
FNH:13
FNDA:3,ErrorBanner
FNDA:0,(anonymous_1)
FNDA:0,dismiss
FNDA:1,formatCode
FNDA:1,(anonymous_4)
FNDA:0,(anonymous_5)
FNDA:0,(anonymous_6)
FNDA:0,(anonymous_7)
FNDA:1,(anonymous_8)
FNDA:1,(anonymous_9)
FNDA:1,(anonymous_10)
FNDA:1,(anonymous_11)
FNDA:0,(anonymous_12)
FNDA:0,click
FNDA:2,(anonymous_14)
FNDA:1,(anonymous_15)
FNDA:2,(anonymous_16)
FNDA:0,(anonymous_17)
FNDA:6,(anonymous_18)
FNDA:0,click_1
FNDA:1,(anonymous_20)
FNDA:1,(anonymous_21)
DA:5,3
DA:6,0
DA:7,3
DA:9,3
DA:10,3
DA:12,3
DA:13,3
DA:14,3
DA:17,0
DA:21,1
DA:25,3
DA:26,1
DA:27,1
DA:28,1
DA:29,1
DA:30,1
DA:31,0
DA:32,0
DA:33,0
DA:41,3
DA:42,1
DA:43,1
DA:44,1
DA:45,1
DA:46,0
DA:47,0
DA:49,1
DA:50,2
DA:51,2
DA:52,2
DA:53,0
DA:58,1
DA:59,0
DA:63,1
LF:34
LH:25
BRDA:12,0,0,0
BRDA:12,0,1,3
BRDA:13,1,0,3
BRDA:13,1,1,3
BRDA:14,2,0,3
BRDA:14,2,1,0
BRDA:33,3,0,0
BRDA:33,3,1,0
BRDA:33,4,0,0
BRDA:33,4,1,0
BRDA:32,5,0,0
BRDA:32,5,1,0
BRDA:30,6,0,1
BRDA:30,6,1,1
BRDA:5,7,0,1
BRDA:5,7,1,0
BRDA:25,8,0,1
BRDA:25,8,1,2
BRDA:50,9,0,0
BRDA:50,9,1,0
BRDA:50,10,0,0
BRDA:50,10,1,2
BRDA:50,11,0,2
BRDA:50,11,1,0
BRDA:50,12,0,2
BRDA:50,12,1,0
BRDA:45,13,0,0
BRDA:45,13,1,1
BRDA:41,14,0,1
BRDA:41,14,1,2
BRF:30
BRH:15
end_of_record
TN:
SF:src/components/EvalPanel.svelte
FN:1,EvalPanel
FN:8,statusClass
FN:16,barWidth
FN:21,thresholdLeft
FN:27,fmt
FN:33,(anonymous_5)
FN:34,(anonymous_6)
FN:34,(anonymous_7)
FN:39,(anonymous_8)
FN:34,(anonymous_9)
FN:38,(anonymous_10)
FN:50,(anonymous_11)
FN:51,(anonymous_12)
FN:34,(anonymous_13)
FN:55,(anonymous_14)
FN:46,(anonymous_15)
FN:46,(anonymous_16)
FN:32,(anonymous_17)
FNF:18
FNH:0
FNDA:0,EvalPanel
FNDA:0,statusClass
FNDA:0,barWidth
FNDA:0,thresholdLeft
FNDA:0,fmt
FNDA:0,(anonymous_5)
FNDA:0,(anonymous_6)
FNDA:0,(anonymous_7)
FNDA:0,(anonymous_8)
FNDA:0,(anonymous_9)
FNDA:0,(anonymous_10)
FNDA:0,(anonymous_11)
FNDA:0,(anonymous_12)
FNDA:0,(anonymous_13)
FNDA:0,(anonymous_14)
FNDA:0,(anonymous_15)
FNDA:0,(anonymous_16)
FNDA:0,(anonymous_17)
DA:4,0
DA:9,0
DA:10,0
DA:11,0
DA:12,0
DA:13,0
DA:17,0
DA:18,0
DA:22,0
DA:23,0
DA:24,0
DA:28,0
DA:32,0
DA:33,0
DA:34,0
DA:35,0
DA:36,0
DA:37,0
DA:38,0
DA:39,0
DA:43,0
DA:45,0
DA:46,0
DA:47,0
DA:48,0
DA:50,0
DA:51,0
DA:55,0
DA:56,0
LF:29
LH:0
BRDA:9,0,0,0
BRDA:9,0,1,0
BRDA:10,1,0,0
BRDA:10,1,1,0
BRDA:11,2,0,0
BRDA:11,2,1,0
BRDA:12,3,0,0
BRDA:12,3,1,0
BRDA:22,4,0,0
BRDA:22,4,1,0
BRDA:39,5,0,0
BRDA:39,5,1,0
BRDA:34,6,0,0
BRDA:34,6,1,0
BRDA:51,7,0,0
BRDA:51,7,1,0
BRDA:34,8,0,0
BRDA:34,8,1,0
BRF:18
BRH:0
end_of_record
TN:
SF:src/components/FilterBar.svelte
FN:1,FilterBar
FN:14,(anonymous_1)
FN:35,applyFilters
FN:49,clearFilters
FN:71,(anonymous_4)
FN:71,(anonymous_5)
FN:69,(anonymous_6)
FN:75,(anonymous_7)
FN:23,(anonymous_8)
FN:90,(anonymous_9)
FN:90,(anonymous_10)
FN:90,(anonymous_11)
FN:88,(anonymous_12)
FN:88,(anonymous_13)
FN:85,(anonymous_14)
FN:83,(anonymous_15)
FN:124,(anonymous_16)
FN:130,(anonymous_17)
FN:130,(anonymous_18)
FN:130,click_1
FN:133,(anonymous_20)
FN:133,(anonymous_21)
FN:133,click_2
FN:136,(anonymous_23)
FN:136,click_3
FN:63,(anonymous_25)
FN:66,(anonymous_26)
FN:68,(anonymous_27)
FN:82,(anonymous_28)
FN:82,(anonymous_29)
FN:103,get
FN:109,get_2
FN:117,click
FN:123,(anonymous_33)
FNF:34
FNH:24
FNDA:5,FilterBar
FNDA:5,(anonymous_1)
FNDA:8,applyFilters
FNDA:0,clearFilters
FNDA:4,(anonymous_4)
FNDA:4,(anonymous_5)
FNDA:4,(anonymous_6)
FNDA:4,(anonymous_7)
FNDA:16,(anonymous_8)
FNDA:0,(anonymous_9)
FNDA:0,(anonymous_10)
FNDA:0,(anonymous_11)
FNDA:0,(anonymous_12)
FNDA:0,(anonymous_13)
FNDA:0,(anonymous_14)
FNDA:4,(anonymous_15)
FNDA:4,(anonymous_16)
FNDA:1,(anonymous_17)
FNDA:1,(anonymous_18)
FNDA:0,click_1
FNDA:1,(anonymous_20)
FNDA:1,(anonymous_21)
FNDA:0,click_2
FNDA:1,(anonymous_23)
FNDA:0,click_3
FNDA:5,(anonymous_25)
FNDA:5,(anonymous_26)
FNDA:5,(anonymous_27)
FNDA:5,(anonymous_28)
FNDA:5,(anonymous_29)
FNDA:5,get
FNDA:5,get_2
FNDA:1,click
FNDA:1,(anonymous_33)
DA:14,5
DA:15,5
DA:17,5
DA:23,7
DA:24,5
DA:25,5
DA:26,8
DA:27,8
DA:28,5
DA:29,5
DA:33,8
DA:36,8
DA:37,7
DA:38,7
DA:39,7
DA:40,7
DA:41,7
DA:42,7
DA:43,4
DA:44,4
DA:46,3
DA:50,0
DA:51,0
DA:52,0
DA:53,0
DA:57,5
DA:58,4
DA:59,4
DA:60,4
DA:61,0
DA:63,5
DA:64,4
DA:66,5
DA:68,5
DA:69,4
DA:71,4
DA:73,4
DA:75,4
DA:77,0
DA:79,0
DA:82,5
DA:83,4
DA:85,0
DA:88,0
DA:89,0
DA:90,0
DA:94,4
DA:95,4
DA:96,7
DA:100,7
DA:102,4
DA:103,5
DA:104,4
DA:105,4
DA:106,4
DA:107,4
DA:109,5
DA:110,4
DA:111,4
DA:112,4
DA:113,4
DA:114,4
DA:115,4
DA:117,5
DA:123,1
DA:124,4
DA:127,7
DA:128,3
DA:129,3
DA:130,1
DA:132,3
DA:133,1
DA:135,3
DA:136,1
DA:138,3
LF:75
LH:64
BRDA:36,0,0,1
BRDA:36,0,1,7
BRDA:38,1,0,1
BRDA:38,1,1,6
BRDA:39,2,0,0
BRDA:39,2,1,7
BRDA:40,3,0,1
BRDA:40,3,1,6
BRDA:41,4,0,1
BRDA:41,4,1,6
BRDA:42,5,0,4
BRDA:42,5,1,3
BRDA:26,6,0,8
BRDA:26,6,1,7
BRDA:26,6,2,7
BRDA:26,6,3,6
BRDA:27,7,0,3
BRDA:27,7,1,5
BRDA:27,8,0,5
BRDA:27,8,1,1
BRDA:28,9,0,4
BRDA:28,9,1,1
BRDA:29,10,0,4
BRDA:29,10,1,1
BRDA:30,11,0,4
BRDA:30,11,1,0
BRDA:60,12,0,0
BRDA:60,12,1,4
BRDA:73,13,0,4
BRDA:73,13,1,0
BRDA:79,14,0,0
BRDA:79,14,1,0
BRDA:23,15,0,0
BRDA:23,15,1,4
BRDA:90,16,0,0
BRDA:90,16,1,0
BRDA:98,17,0,7
BRDA:98,17,1,3
BRDA:100,18,0,7
BRDA:100,18,1,0
BRDA:100,19,0,7
BRDA:100,19,1,0
BRDA:95,20,0,4
BRDA:95,20,1,0
BRDA:130,21,0,1
BRDA:130,21,1,0
BRDA:129,22,0,1
BRDA:129,22,1,2
BRDA:133,23,0,1
BRDA:133,23,1,0
BRDA:132,24,0,1
BRDA:132,24,1,2
BRDA:135,25,0,1
BRDA:135,25,1,2
BRDA:127,26,0,3
BRDA:127,26,1,4
BRDA:63,27,0,5
BRDA:63,27,1,0
BRDA:57,28,0,4
BRDA:57,28,1,1
BRDA:57,29,0,5
BRDA:57,29,1,4
BRF:62
BRH:47
end_of_record
TN:
SF:src/components/Footer.svelte
FN:1,Footer
FNF:1
FNH:0
FNDA:0,Footer
DA:4,0
LF:1
LH:0
BRF:0
BRH:0
end_of_record
TN:
SF:src/components/KeyboardHelp.svelte
FN:1,KeyboardHelp
FN:24,(anonymous_1)
FN:24,(anonymous_2)
FN:25,(anonymous_3)
FN:25,(anonymous_4)
FN:26,(anonymous_5)
FN:26,(anonymous_6)
FN:26,(anonymous_7)
FNF:8
FNH:0
FNDA:0,KeyboardHelp
FNDA:0,(anonymous_1)
FNDA:0,(anonymous_2)
FNDA:0,(anonymous_3)
FNDA:0,(anonymous_4)
FNDA:0,(anonymous_5)
FNDA:0,(anonymous_6)
FNDA:0,(anonymous_7)
DA:5,0
DA:7,0
DA:24,0
DA:25,0
DA:26,0
DA:27,0
DA:28,0
DA:29,0
LF:8
LH:0
BRF:0
BRH:0
end_of_record
TN:
SF:src/components/LlmChatReplay.svelte
FN:1,LlmChatReplay
FN:8,roleClass
FN:27,(anonymous_2)
FN:27,(anonymous_3)
FN:31,(anonymous_4)
FN:31,(anonymous_5)
FN:31,(anonymous_6)
FN:32,(anonymous_7)
FN:27,(anonymous_8)
FN:25,(anonymous_9)
FN:45,(anonymous_10)
FN:45,(anonymous_11)
FN:49,(anonymous_12)
FN:49,(anonymous_13)
FN:49,(anonymous_14)
FN:50,(anonymous_15)
FN:45,(anonymous_16)
FN:5,(anonymous_17)
FN:5,(anonymous_18)
FN:60,(anonymous_19)
FN:60,(anonymous_20)
FN:60,(anonymous_21)
FN:43,(anonymous_22)
FNF:23
FNH:0
FNDA:0,LlmChatReplay
FNDA:0,roleClass
FNDA:0,(anonymous_2)
FNDA:0,(anonymous_3)
FNDA:0,(anonymous_4)
FNDA:0,(anonymous_5)
FNDA:0,(anonymous_6)
FNDA:0,(anonymous_7)
FNDA:0,(anonymous_8)
FNDA:0,(anonymous_9)
FNDA:0,(anonymous_10)
FNDA:0,(anonymous_11)
FNDA:0,(anonymous_12)
FNDA:0,(anonymous_13)
FNDA:0,(anonymous_14)
FNDA:0,(anonymous_15)
FNDA:0,(anonymous_16)
FNDA:0,(anonymous_17)
FNDA:0,(anonymous_18)
FNDA:0,(anonymous_19)
FNDA:0,(anonymous_20)
FNDA:0,(anonymous_21)
FNDA:0,(anonymous_22)
DA:3,0
DA:5,0
DA:9,0
DA:10,0
DA:11,0
DA:12,0
DA:13,0
DA:14,0
DA:17,0
DA:23,0
DA:24,0
DA:25,0
DA:27,0
DA:28,0
DA:29,0
DA:30,0
DA:31,0
DA:32,0
DA:33,0
DA:35,0
DA:43,0
DA:45,0
DA:46,0
DA:47,0
DA:48,0
DA:49,0
DA:50,0
DA:51,0
DA:53,0
DA:60,0
DA:61,0
DA:62,0
DA:65,0
DA:67,0
DA:68,0
DA:70,0
DA:73,0
DA:74,0
DA:76,0
DA:84,0
LF:40
LH:0
BRDA:10,0,0,0
BRDA:10,0,1,0
BRDA:11,1,0,0
BRDA:11,1,1,0
BRDA:11,2,0,0
BRDA:11,2,1,0
BRDA:11,2,2,0
BRDA:12,3,0,0
BRDA:12,3,1,0
BRDA:12,4,0,0
BRDA:12,4,1,0
BRDA:13,5,0,0
BRDA:13,5,1,0
BRDA:13,6,0,0
BRDA:13,6,1,0
BRDA:18,7,0,0
BRDA:18,7,1,0
BRDA:18,7,2,0
BRDA:31,8,0,0
BRDA:31,8,1,0
BRDA:28,9,0,0
BRDA:28,9,1,0
BRDA:49,10,0,0
BRDA:49,10,1,0
BRDA:46,11,0,0
BRDA:46,11,1,0
BRDA:60,12,0,0
BRDA:60,12,1,0
BRDA:60,13,0,0
BRDA:60,13,1,0
BRDA:43,14,0,0
BRDA:43,14,1,0
BRDA:23,15,0,0
BRDA:23,15,1,0
BRF:34
BRH:0
end_of_record
TN:
SF:src/components/RetrievedDocumentsPanel.svelte
FN:1,RetrievedDocumentsPanel
FN:8,toggle
FN:12,scoreClass
FN:19,fmtScore
FN:23,scoreBarWidth
FN:31,(anonymous_5)
FN:32,(anonymous_6)
FN:50,(anonymous_7)
FN:50,(anonymous_8)
FN:48,(anonymous_9)
FN:32,(anonymous_10)
FN:32,(anonymous_11)
FN:53,(anonymous_12)
FN:39,(anonymous_13)
FN:42,(anonymous_14)
FN:34,click
FN:30,(anonymous_16)
FNF:17
FNH:0
FNDA:0,RetrievedDocumentsPanel
FNDA:0,toggle
FNDA:0,scoreClass
FNDA:0,fmtScore
FNDA:0,scoreBarWidth
FNDA:0,(anonymous_5)
FNDA:0,(anonymous_6)
FNDA:0,(anonymous_7)
FNDA:0,(anonymous_8)
FNDA:0,(anonymous_9)
FNDA:0,(anonymous_10)
FNDA:0,(anonymous_11)
FNDA:0,(anonymous_12)
FNDA:0,(anonymous_13)
FNDA:0,(anonymous_14)
FNDA:0,click
FNDA:0,(anonymous_16)
DA:4,0
DA:6,0
DA:9,0
DA:13,0
DA:14,0
DA:15,0
DA:16,0
DA:20,0
DA:24,0
DA:25,0
DA:26,0
DA:30,0
DA:31,0
DA:32,0
DA:33,0
DA:34,0
DA:37,0
DA:39,0
DA:41,0
DA:42,0
DA:44,0
DA:45,0
DA:46,0
DA:48,0
DA:49,0
DA:50,0
DA:53,0
DA:54,0
LF:28
LH:0
BRDA:13,0,0,0
BRDA:13,0,1,0
BRDA:14,1,0,0
BRDA:14,1,1,0
BRDA:15,2,0,0
BRDA:15,2,1,0
BRDA:20,3,0,0
BRDA:20,3,1,0
BRDA:24,4,0,0
BRDA:24,4,1,0
BRDA:53,5,0,0
BRDA:53,5,1,0
BRDA:39,6,0,0
BRDA:39,6,1,0
BRDA:42,7,0,0
BRDA:42,7,1,0
BRDA:32,8,0,0
BRDA:32,8,1,0
BRF:18
BRH:0
end_of_record
TN:
SF:src/components/ServiceGraph.svelte
FN:1,ServiceGraph
FN:49,layoutNodes
FN:62,(anonymous_2)
FN:79,layoutEdges
FN:80,(anonymous_4)
FN:82,(anonymous_5)
FN:116,(anonymous_6)
FN:117,(anonymous_7)
FN:123,(anonymous_8)
FN:126,edgeWidth
FN:130,edgeOpacity
FN:42,(anonymous_11)
FN:43,(anonymous_12)
FN:44,(anonymous_13)
FN:185,(anonymous_14)
FN:185,(anonymous_15)
FN:186,(anonymous_16)
FN:186,(anonymous_17)
FN:186,(anonymous_18)
FN:195,(anonymous_19)
FN:195,(anonymous_20)
FN:191,(anonymous_21)
FN:191,(anonymous_22)
FN:201,(anonymous_23)
FN:201,(anonymous_24)
FN:202,(anonymous_25)
FN:202,(anonymous_26)
FN:202,(anonymous_27)
FN:207,(anonymous_28)
FN:207,(anonymous_29)
FN:208,(anonymous_30)
FN:208,(anonymous_31)
FN:208,(anonymous_32)
FN:215,(anonymous_33)
FN:222,(anonymous_34)
FN:230,(anonymous_35)
FN:230,(anonymous_36)
FN:230,(anonymous_37)
FN:230,(anonymous_38)
FN:233,(anonymous_39)
FN:233,(anonymous_40)
FN:233,(anonymous_41)
FN:233,(anonymous_42)
FN:238,(anonymous_43)
FN:238,(anonymous_44)
FN:240,(anonymous_45)
FN:149,(anonymous_46)
FN:150,(anonymous_47)
FN:46,(anonymous_48)
FN:142,(anonymous_49)
FN:47,(anonymous_50)
FN:142,(anonymous_51)
FN:135,(anonymous_52)
FNF:53
FNH:0
FNDA:0,ServiceGraph
FNDA:0,layoutNodes
FNDA:0,(anonymous_2)
FNDA:0,layoutEdges
FNDA:0,(anonymous_4)
FNDA:0,(anonymous_5)
FNDA:0,(anonymous_6)
FNDA:0,(anonymous_7)
FNDA:0,(anonymous_8)
FNDA:0,edgeWidth
FNDA:0,edgeOpacity
FNDA:0,(anonymous_11)
FNDA:0,(anonymous_12)
FNDA:0,(anonymous_13)
FNDA:0,(anonymous_14)
FNDA:0,(anonymous_15)
FNDA:0,(anonymous_16)
FNDA:0,(anonymous_17)
FNDA:0,(anonymous_18)
FNDA:0,(anonymous_19)
FNDA:0,(anonymous_20)
FNDA:0,(anonymous_21)
FNDA:0,(anonymous_22)
FNDA:0,(anonymous_23)
FNDA:0,(anonymous_24)
FNDA:0,(anonymous_25)
FNDA:0,(anonymous_26)
FNDA:0,(anonymous_27)
FNDA:0,(anonymous_28)
FNDA:0,(anonymous_29)
FNDA:0,(anonymous_30)
FNDA:0,(anonymous_31)
FNDA:0,(anonymous_32)
FNDA:0,(anonymous_33)
FNDA:0,(anonymous_34)
FNDA:0,(anonymous_35)
FNDA:0,(anonymous_36)
FNDA:0,(anonymous_37)
FNDA:0,(anonymous_38)
FNDA:0,(anonymous_39)
FNDA:0,(anonymous_40)
FNDA:0,(anonymous_41)
FNDA:0,(anonymous_42)
FNDA:0,(anonymous_43)
FNDA:0,(anonymous_44)
FNDA:0,(anonymous_45)
FNDA:0,(anonymous_46)
FNDA:0,(anonymous_47)
FNDA:0,(anonymous_48)
FNDA:0,(anonymous_49)
FNDA:0,(anonymous_50)
FNDA:0,(anonymous_51)
FNDA:0,(anonymous_52)
DA:6,0
DA:8,0
DA:9,0
DA:10,0
DA:11,0
DA:12,0
DA:14,0
DA:15,0
DA:16,0
DA:40,0
DA:42,0
DA:43,0
DA:44,0
DA:46,0
DA:47,0
DA:55,0
DA:56,0
DA:57,0
DA:58,0
DA:59,0
DA:60,0
DA:62,0
DA:63,0
DA:64,0
DA:65,0
DA:66,0
DA:80,0
DA:81,0
DA:83,0
DA:84,0
DA:85,0
DA:87,0
DA:88,0
DA:89,0
DA:92,0
DA:93,0
DA:94,0
DA:95,0
DA:96,0
DA:98,0
DA:99,0
DA:100,0
DA:101,0
DA:102,0
DA:103,0
DA:105,0
DA:116,0
DA:117,0
DA:118,0
DA:119,0
DA:121,0
DA:122,0
DA:123,0
DA:127,0
DA:131,0
DA:135,0
DA:136,0
DA:138,0
DA:139,0
DA:141,0
DA:142,0
DA:146,0
DA:149,0
DA:150,0
DA:185,0
DA:186,0
DA:187,0
DA:191,0
DA:193,0
DA:195,0
DA:201,0
DA:202,0
DA:203,0
DA:207,0
DA:208,0
DA:209,0
DA:215,0
DA:216,0
DA:217,0
DA:218,0
DA:220,0
DA:222,0
DA:229,0
DA:230,0
DA:231,0
DA:233,0
DA:234,0
DA:235,0
DA:237,0
DA:238,0
DA:240,0
LF:91
LH:0
BRDA:55,0,0,0
BRDA:55,0,1,0
BRDA:68,1,0,0
BRDA:68,1,1,0
BRDA:69,2,0,0
BRDA:69,2,1,0
BRDA:85,3,0,0
BRDA:85,3,1,0
BRDA:85,4,0,0
BRDA:85,4,1,0
BRDA:85,4,2,0
BRDA:89,5,0,0
BRDA:89,5,1,0
BRDA:98,6,0,0
BRDA:98,6,1,0
BRDA:101,7,0,0
BRDA:101,7,1,0
BRDA:122,8,0,0
BRDA:122,8,1,0
BRDA:42,9,0,0
BRDA:42,9,1,0
BRDA:43,10,0,0
BRDA:43,10,1,0
BRDA:44,11,0,0
BRDA:44,11,1,0
BRDA:46,12,0,0
BRDA:46,12,1,0
BRDA:47,13,0,0
BRDA:47,13,1,0
BRDA:187,14,0,0
BRDA:187,14,1,0
BRDA:186,15,0,0
BRDA:186,15,1,0
BRDA:194,16,0,0
BRDA:194,16,1,0
BRDA:186,17,0,0
BRDA:186,17,1,0
BRDA:195,18,0,0
BRDA:195,19,0,0
BRDA:195,19,1,0
BRDA:203,20,0,0
BRDA:203,20,1,0
BRDA:208,21,0,0
BRDA:208,21,1,0
BRDA:209,22,0,0
BRDA:209,22,1,0
BRDA:213,23,0,0
BRDA:213,23,1,0
BRDA:208,24,0,0
BRDA:208,24,1,0
BRDA:208,25,0,0
BRDA:208,25,1,0
BRDA:222,26,0,0
BRDA:208,27,0,0
BRDA:208,27,1,0
BRDA:223,28,0,0
BRDA:223,28,1,0
BRDA:233,29,0,0
BRDA:233,29,1,0
BRDA:233,30,0,0
BRDA:233,30,1,0
BRDA:46,31,0,0
BRDA:46,31,1,0
BRDA:142,32,0,0
BRDA:142,32,1,0
BRDA:142,33,0,0
BRDA:142,33,1,0
BRDA:47,34,0,0
BRDA:47,34,1,0
BRDA:142,35,0,0
BRDA:142,36,0,0
BRDA:142,36,1,0
BRDA:146,37,0,0
BRDA:146,37,1,0
BRDA:149,38,0,0
BRDA:149,38,1,0
BRDA:154,39,0,0
BRDA:154,39,1,0
BRDA:135,40,0,0
BRDA:135,40,1,0
BRF:80
BRH:0
end_of_record
TN:
SF:src/components/SpanDetail.svelte
FN:1,SpanDetail
FN:26,(anonymous_1)
FN:36,(anonymous_2)
FN:44,saveNote
FN:50,onNoteKeyDown
FN:57,pct
FN:64,kindBadge
FN:71,clampSidebarWidth
FN:77,beginResize
FN:85,onPointerMove
FN:91,endResize
FN:101,onWindowPointerDown
FN:108,(anonymous_12)
FN:151,(anonymous_13)
FN:165,(anonymous_14)
FN:174,(anonymous_15)
FN:178,(anonymous_16)
FN:179,(anonymous_17)
FN:199,(anonymous_18)
FN:200,(anonymous_19)
FN:186,(anonymous_20)
FN:190,(anonymous_21)
FN:194,(anonymous_22)
FN:209,(anonymous_23)
FN:217,(anonymous_24)
FN:222,(anonymous_25)
FN:222,(anonymous_26)
FN:230,(anonymous_27)
FN:230,(anonymous_28)
FN:238,(anonymous_29)
FN:238,(anonymous_30)
FN:241,(anonymous_31)
FN:240,(anonymous_32)
FN:237,(anonymous_33)
FN:213,click
FN:214,click_1
FN:251,(anonymous_36)
FN:250,(anonymous_37)
FN:257,(anonymous_38)
FN:256,(anonymous_39)
FN:180,(anonymous_40)
FN:267,(anonymous_41)
FN:267,(anonymous_42)
FN:269,(anonymous_43)
FN:266,(anonymous_44)
FN:280,(anonymous_45)
FN:281,(anonymous_46)
FN:304,(anonymous_47)
FN:304,(anonymous_48)
FN:305,(anonymous_49)
FN:305,(anonymous_50)
FN:305,(anonymous_51)
FN:300,(anonymous_52)
FN:297,click_2
FN:326,(anonymous_54)
FN:326,(anonymous_55)
FN:332,(anonymous_56)
FN:332,(anonymous_57)
FN:333,(anonymous_58)
FN:333,(anonymous_59)
FN:333,(anonymous_60)
FN:323,(anonymous_61)
FN:320,click_3
FN:349,(anonymous_63)
FN:349,(anonymous_64)
FN:350,(anonymous_65)
FN:352,(anonymous_66)
FN:351,click_4
FN:348,(anonymous_68)
FN:145,(anonymous_69)
FN:286,get
FN:116,(anonymous_71)
FN:116,(anonymous_72)
FNF:73
FNH:0
FNDA:0,SpanDetail
FNDA:0,(anonymous_1)
FNDA:0,(anonymous_2)
FNDA:0,saveNote
FNDA:0,onNoteKeyDown
FNDA:0,pct
FNDA:0,kindBadge
FNDA:0,clampSidebarWidth
FNDA:0,beginResize
FNDA:0,onPointerMove
FNDA:0,endResize
FNDA:0,onWindowPointerDown
FNDA:0,(anonymous_12)
FNDA:0,(anonymous_13)
FNDA:0,(anonymous_14)
FNDA:0,(anonymous_15)
FNDA:0,(anonymous_16)
FNDA:0,(anonymous_17)
FNDA:0,(anonymous_18)
FNDA:0,(anonymous_19)
FNDA:0,(anonymous_20)
FNDA:0,(anonymous_21)
FNDA:0,(anonymous_22)
FNDA:0,(anonymous_23)
FNDA:0,(anonymous_24)
FNDA:0,(anonymous_25)
FNDA:0,(anonymous_26)
FNDA:0,(anonymous_27)
FNDA:0,(anonymous_28)
FNDA:0,(anonymous_29)
FNDA:0,(anonymous_30)
FNDA:0,(anonymous_31)
FNDA:0,(anonymous_32)
FNDA:0,(anonymous_33)
FNDA:0,click
FNDA:0,click_1
FNDA:0,(anonymous_36)
FNDA:0,(anonymous_37)
FNDA:0,(anonymous_38)
FNDA:0,(anonymous_39)
FNDA:0,(anonymous_40)
FNDA:0,(anonymous_41)
FNDA:0,(anonymous_42)
FNDA:0,(anonymous_43)
FNDA:0,(anonymous_44)
FNDA:0,(anonymous_45)
FNDA:0,(anonymous_46)
FNDA:0,(anonymous_47)
FNDA:0,(anonymous_48)
FNDA:0,(anonymous_49)
FNDA:0,(anonymous_50)
FNDA:0,(anonymous_51)
FNDA:0,(anonymous_52)
FNDA:0,click_2
FNDA:0,(anonymous_54)
FNDA:0,(anonymous_55)
FNDA:0,(anonymous_56)
FNDA:0,(anonymous_57)
FNDA:0,(anonymous_58)
FNDA:0,(anonymous_59)
FNDA:0,(anonymous_60)
FNDA:0,(anonymous_61)
FNDA:0,click_3
FNDA:0,(anonymous_63)
FNDA:0,(anonymous_64)
FNDA:0,(anonymous_65)
FNDA:0,(anonymous_66)
FNDA:0,click_4
FNDA:0,(anonymous_68)
FNDA:0,(anonymous_69)
FNDA:0,get
FNDA:0,(anonymous_71)
FNDA:0,(anonymous_72)
DA:13,0
DA:14,0
DA:15,0
DA:16,0
DA:17,0
DA:18,0
DA:19,0
DA:20,0
DA:21,0
DA:23,0
DA:24,0
DA:26,0
DA:27,0
DA:28,0
DA:29,0
DA:30,0
DA:32,0
DA:33,0
DA:34,0
DA:35,0
DA:36,0
DA:37,0
DA:39,0
DA:41,0
DA:45,0
DA:46,0
DA:47,0
DA:51,0
DA:52,0
DA:53,0
DA:58,0
DA:59,0
DA:62,0
DA:65,0
DA:68,0
DA:72,0
DA:73,0
DA:74,0
DA:78,0
DA:79,0
DA:80,0
DA:81,0
DA:82,0
DA:86,0
DA:87,0
DA:88,0
DA:92,0
DA:93,0
DA:95,0
DA:96,0
DA:97,0
DA:98,0
DA:102,0
DA:103,0
DA:104,0
DA:105,0
DA:108,0
DA:109,0
DA:110,0
DA:114,0
DA:116,0
DA:117,0
DA:124,0
DA:126,0
DA:127,0
DA:128,0
DA:132,0
DA:133,0
DA:137,0
DA:138,0
DA:139,0
DA:141,0
DA:142,0
DA:143,0
DA:144,0
DA:145,0
DA:146,0
DA:147,0
DA:150,0
DA:151,0
DA:156,0
DA:158,0
DA:159,0
DA:160,0
DA:161,0
DA:162,0
DA:163,0
DA:164,0
DA:165,0
DA:173,0
DA:174,0
DA:175,0
DA:177,0
DA:178,0
DA:179,0
DA:180,0
DA:182,0
DA:183,0
DA:184,0
DA:186,0
DA:188,0
DA:190,0
DA:192,0
DA:194,0
DA:197,0
DA:198,0
DA:199,0
DA:200,0
DA:208,0
DA:209,0
DA:211,0
DA:212,0
DA:213,0
DA:214,0
DA:216,0
DA:217,0
DA:219,0
DA:220,0
DA:222,0
DA:223,0
DA:227,0
DA:228,0
DA:230,0
DA:231,0
DA:235,0
DA:236,0
DA:237,0
DA:238,0
DA:239,0
DA:240,0
DA:241,0
DA:248,0
DA:249,0
DA:250,0
DA:251,0
DA:254,0
DA:255,0
DA:256,0
DA:257,0
DA:264,0
DA:265,0
DA:266,0
DA:267,0
DA:268,0
DA:269,0
DA:270,0
DA:271,0
DA:278,0
DA:279,0
DA:280,0
DA:281,0
DA:283,0
DA:286,0
DA:295,0
DA:296,0
DA:297,0
DA:298,0
DA:299,0
DA:300,0
DA:302,0
DA:303,0
DA:304,0
DA:305,0
DA:306,0
DA:307,0
DA:308,0
DA:318,0
DA:319,0
DA:320,0
DA:321,0
DA:322,0
DA:323,0
DA:325,0
DA:326,0
DA:327,0
DA:328,0
DA:329,0
DA:330,0
DA:331,0
DA:332,0
DA:333,0
DA:334,0
DA:346,0
DA:347,0
DA:348,0
DA:349,0
DA:351,0
DA:352,0
DA:359,0
LF:189
LH:0
BRDA:27,0,0,0
BRDA:27,0,1,0
BRDA:27,1,0,0
BRDA:27,1,1,0
BRDA:36,2,0,0
BRDA:36,2,1,0
BRDA:46,3,0,0
BRDA:46,3,1,0
BRDA:51,4,0,0
BRDA:51,4,1,0
BRDA:51,5,0,0
BRDA:51,5,1,0
BRDA:58,6,0,0
BRDA:58,6,1,0
BRDA:68,7,0,0
BRDA:68,7,1,0
BRDA:72,8,0,0
BRDA:72,8,1,0
BRDA:86,9,0,0
BRDA:86,9,1,0
BRDA:86,10,0,0
BRDA:86,10,1,0
BRDA:92,11,0,0
BRDA:92,11,1,0
BRDA:92,12,0,0
BRDA:92,12,1,0
BRDA:95,13,0,0
BRDA:95,13,1,0
BRDA:102,14,0,0
BRDA:102,14,1,0
BRDA:102,15,0,0
BRDA:102,15,1,0
BRDA:102,15,2,0
BRDA:104,16,0,0
BRDA:104,16,1,0
BRDA:104,17,0,0
BRDA:104,17,1,0
BRDA:128,18,0,0
BRDA:128,18,1,0
BRDA:128,19,0,0
BRDA:128,19,1,0
BRDA:126,20,0,0
BRDA:126,20,1,0
BRDA:150,21,0,0
BRDA:150,21,1,0
BRDA:163,22,0,0
BRDA:163,22,1,0
BRDA:178,23,0,0
BRDA:178,23,1,0
BRDA:179,24,0,0
BRDA:179,24,1,0
BRDA:199,25,0,0
BRDA:199,25,1,0
BRDA:200,26,0,0
BRDA:200,26,1,0
BRDA:197,27,0,0
BRDA:197,27,1,0
BRDA:186,28,0,0
BRDA:186,28,1,0
BRDA:190,29,0,0
BRDA:190,29,1,0
BRDA:194,30,0,0
BRDA:194,30,1,0
BRDA:182,31,0,0
BRDA:182,31,1,0
BRDA:182,32,0,0
BRDA:182,32,1,0
BRDA:208,33,0,0
BRDA:208,33,1,0
BRDA:223,34,0,0
BRDA:223,34,1,0
BRDA:219,35,0,0
BRDA:219,35,1,0
BRDA:231,36,0,0
BRDA:231,36,1,0
BRDA:227,37,0,0
BRDA:227,37,1,0
BRDA:241,38,0,0
BRDA:241,38,1,0
BRDA:237,39,0,0
BRDA:237,39,1,0
BRDA:235,40,0,0
BRDA:235,40,1,0
BRDA:216,41,0,0
BRDA:216,41,1,0
BRDA:211,42,0,0
BRDA:211,42,1,0
BRDA:211,43,0,0
BRDA:211,43,1,0
BRDA:211,43,2,0
BRDA:250,44,0,0
BRDA:250,44,1,0
BRDA:248,45,0,0
BRDA:248,45,1,0
BRDA:256,46,0,0
BRDA:256,46,1,0
BRDA:254,47,0,0
BRDA:254,47,1,0
BRDA:173,48,0,0
BRDA:173,48,1,0
BRDA:268,49,0,0
BRDA:268,49,1,0
BRDA:266,50,0,0
BRDA:266,50,1,0
BRDA:266,51,0,0
BRDA:266,51,1,0
BRDA:264,52,0,0
BRDA:264,52,1,0
BRDA:302,53,0,0
BRDA:302,53,1,0
BRDA:300,54,0,0
BRDA:300,54,1,0
BRDA:300,55,0,0
BRDA:300,55,1,0
BRDA:299,56,0,0
BRDA:299,56,1,0
BRDA:295,57,0,0
BRDA:295,57,1,0
BRDA:330,58,0,0
BRDA:330,58,1,0
BRDA:325,59,0,0
BRDA:325,59,1,0
BRDA:323,60,0,0
BRDA:323,60,1,0
BRDA:323,61,0,0
BRDA:323,61,1,0
BRDA:322,62,0,0
BRDA:322,62,1,0
BRDA:318,63,0,0
BRDA:318,63,1,0
BRDA:352,64,0,0
BRDA:352,64,1,0
BRDA:348,65,0,0
BRDA:348,65,1,0
BRDA:346,66,0,0
BRDA:346,66,1,0
BRDA:147,67,0,0
BRDA:147,67,1,0
BRDA:147,67,2,0
BRDA:147,68,0,0
BRDA:147,68,1,0
BRDA:132,69,0,0
BRDA:132,69,1,0
BRDA:132,70,0,0
BRDA:132,70,1,0
BRDA:137,71,0,0
BRDA:137,71,1,0
BRF:147
BRH:0
end_of_record
TN:
SF:src/components/Timeline.svelte
FN:1,Timeline
FN:49,focusView
FN:69,(anonymous_2)
FN:72,(anonymous_3)
FN:82,(anonymous_4)
FN:85,onScroll
FN:91,buildColorMap
FN:105,buildGroups
FN:106,(anonymous_8)
FN:116,(anonymous_9)
FN:132,(anonymous_10)
FN:152,buildTicks
FN:169,getVisibleGroups
FN:177,(anonymous_13)
FN:178,(anonymous_14)
FN:180,(anonymous_15)
FN:184,formatNs
FN:191,blockX
FN:195,blockWidth
FN:199,blockLabel
FN:203,selectBlock
FN:208,focusBlock
FN:212,setHovered
FN:216,onBlockKeyDown
FN:222,exportSvg
FN:262,(anonymous_25)
FN:262,(anonymous_26)
FN:262,(anonymous_27)
FN:270,(anonymous_28)
FN:270,(anonymous_29)
FN:270,(anonymous_30)
FN:270,(anonymous_31)
FN:277,(anonymous_32)
FN:277,(anonymous_33)
FN:277,(anonymous_34)
FN:283,(anonymous_35)
FN:283,(anonymous_36)
FN:284,(anonymous_37)
FN:285,(anonymous_38)
FN:286,(anonymous_39)
FN:287,(anonymous_40)
FN:288,(anonymous_41)
FN:289,(anonymous_42)
FN:290,(anonymous_43)
FN:283,(anonymous_44)
FN:291,(anonymous_45)
FN:323,(anonymous_46)
FN:327,(anonymous_47)
FN:325,(anonymous_48)
FN:283,(anonymous_49)
FN:292,click_1
FN:280,(anonymous_51)
FN:281,(anonymous_52)
FN:281,(anonymous_53)
FN:279,(anonymous_54)
FN:281,(anonymous_55)
FN:275,(anonymous_56)
FN:275,(anonymous_57)
FN:272,(anonymous_58)
FN:275,(anonymous_59)
FN:251,(anonymous_60)
FN:253,(anonymous_61)
FN:250,(anonymous_62)
FN:250,(anonymous_63)
FN:239,(anonymous_64)
FN:241,(anonymous_65)
FN:254,(anonymous_66)
FN:260,(anonymous_67)
FN:267,(anonymous_68)
FN:248,click
FNF:70
FNH:0
FNDA:0,Timeline
FNDA:0,focusView
FNDA:0,(anonymous_2)
FNDA:0,(anonymous_3)
FNDA:0,(anonymous_4)
FNDA:0,onScroll
FNDA:0,buildColorMap
FNDA:0,buildGroups
FNDA:0,(anonymous_8)
FNDA:0,(anonymous_9)
FNDA:0,(anonymous_10)
FNDA:0,buildTicks
FNDA:0,getVisibleGroups
FNDA:0,(anonymous_13)
FNDA:0,(anonymous_14)
FNDA:0,(anonymous_15)
FNDA:0,formatNs
FNDA:0,blockX
FNDA:0,blockWidth
FNDA:0,blockLabel
FNDA:0,selectBlock
FNDA:0,focusBlock
FNDA:0,setHovered
FNDA:0,onBlockKeyDown
FNDA:0,exportSvg
FNDA:0,(anonymous_25)
FNDA:0,(anonymous_26)
FNDA:0,(anonymous_27)
FNDA:0,(anonymous_28)
FNDA:0,(anonymous_29)
FNDA:0,(anonymous_30)
FNDA:0,(anonymous_31)
FNDA:0,(anonymous_32)
FNDA:0,(anonymous_33)
FNDA:0,(anonymous_34)
FNDA:0,(anonymous_35)
FNDA:0,(anonymous_36)
FNDA:0,(anonymous_37)
FNDA:0,(anonymous_38)
FNDA:0,(anonymous_39)
FNDA:0,(anonymous_40)
FNDA:0,(anonymous_41)
FNDA:0,(anonymous_42)
FNDA:0,(anonymous_43)
FNDA:0,(anonymous_44)
FNDA:0,(anonymous_45)
FNDA:0,(anonymous_46)
FNDA:0,(anonymous_47)
FNDA:0,(anonymous_48)
FNDA:0,(anonymous_49)
FNDA:0,click_1
FNDA:0,(anonymous_51)
FNDA:0,(anonymous_52)
FNDA:0,(anonymous_53)
FNDA:0,(anonymous_54)
FNDA:0,(anonymous_55)
FNDA:0,(anonymous_56)
FNDA:0,(anonymous_57)
FNDA:0,(anonymous_58)
FNDA:0,(anonymous_59)
FNDA:0,(anonymous_60)
FNDA:0,(anonymous_61)
FNDA:0,(anonymous_62)
FNDA:0,(anonymous_63)
FNDA:0,(anonymous_64)
FNDA:0,(anonymous_65)
FNDA:0,(anonymous_66)
FNDA:0,(anonymous_67)
FNDA:0,(anonymous_68)
FNDA:0,click
DA:8,0
DA:10,0
DA:11,0
DA:12,0
DA:13,0
DA:14,0
DA:15,0
DA:16,0
DA:17,0
DA:32,0
DA:33,0
DA:34,0
DA:35,0
DA:36,0
DA:37,0
DA:38,0
DA:39,0
DA:40,0
DA:41,0
DA:42,0
DA:43,0
DA:44,0
DA:45,0
DA:46,0
DA:47,0
DA:50,0
DA:51,0
DA:52,0
DA:56,0
DA:57,0
DA:58,0
DA:59,0
DA:60,0
DA:61,0
DA:62,0
DA:64,0
DA:65,0
DA:66,0
DA:67,0
DA:69,0
DA:70,0
DA:72,0
DA:73,0
DA:74,0
DA:77,0
DA:78,0
DA:79,0
DA:80,0
DA:82,0
DA:86,0
DA:87,0
DA:88,0
DA:92,0
DA:93,0
DA:95,0
DA:96,0
DA:97,0
DA:98,0
DA:102,0
DA:106,0
DA:107,0
DA:109,0
DA:110,0
DA:111,0
DA:112,0
DA:115,0
DA:116,0
DA:119,0
DA:120,0
DA:121,0
DA:123,0
DA:124,0
DA:125,0
DA:127,0
DA:128,0
DA:129,0
DA:132,0
DA:138,0
DA:139,0
DA:146,0
DA:149,0
DA:153,0
DA:155,0
DA:156,0
DA:158,0
DA:159,0
DA:160,0
DA:166,0
DA:170,0
DA:172,0
DA:173,0
DA:174,0
DA:176,0
DA:177,0
DA:178,0
DA:180,0
DA:185,0
DA:186,0
DA:187,0
DA:188,0
DA:192,0
DA:196,0
DA:200,0
DA:204,0
DA:205,0
DA:209,0
DA:213,0
DA:217,0
DA:218,0
DA:219,0
DA:223,0
DA:224,0
DA:225,0
DA:226,0
DA:227,0
DA:228,0
DA:229,0
DA:230,0
DA:231,0
DA:232,0
DA:233,0
DA:234,0
DA:235,0
DA:239,0
DA:241,0
DA:245,0
DA:247,0
DA:248,0
DA:250,0
DA:251,0
DA:253,0
DA:254,0
DA:259,0
DA:260,0
DA:262,0
DA:263,0
DA:264,0
DA:265,0
DA:267,0
DA:270,0
DA:271,0
DA:272,0
DA:273,0
DA:274,0
DA:275,0
DA:277,0
DA:278,0
DA:279,0
DA:280,0
DA:281,0
DA:283,0
DA:284,0
DA:285,0
DA:286,0
DA:287,0
DA:288,0
DA:289,0
DA:290,0
DA:291,0
DA:292,0
DA:297,0
DA:298,0
DA:299,0
DA:300,0
DA:301,0
DA:303,0
DA:304,0
DA:319,0
DA:320,0
DA:322,0
DA:323,0
DA:325,0
DA:326,0
DA:327,0
LF:174
LH:0
BRDA:50,0,0,0
BRDA:50,0,1,0
BRDA:70,1,0,0
BRDA:70,1,1,0
BRDA:73,2,0,0
BRDA:73,2,1,0
BRDA:74,3,0,0
BRDA:74,3,1,0
BRDA:86,4,0,0
BRDA:86,4,1,0
BRDA:96,5,0,0
BRDA:96,5,1,0
BRDA:110,6,0,0
BRDA:110,6,1,0
BRDA:127,7,0,0
BRDA:127,7,1,0
BRDA:135,8,0,0
BRDA:135,8,1,0
BRDA:153,9,0,0
BRDA:153,9,1,0
BRDA:153,10,0,0
BRDA:153,10,1,0
BRDA:170,11,0,0
BRDA:170,11,1,0
BRDA:177,12,0,0
BRDA:177,12,1,0
BRDA:180,13,0,0
BRDA:180,13,1,0
BRDA:185,14,0,0
BRDA:185,14,1,0
BRDA:186,15,0,0
BRDA:186,15,1,0
BRDA:187,16,0,0
BRDA:187,16,1,0
BRDA:200,17,0,0
BRDA:200,17,1,0
BRDA:213,18,0,0
BRDA:213,18,1,0
BRDA:217,19,0,0
BRDA:217,19,1,0
BRDA:217,20,0,0
BRDA:217,20,1,0
BRDA:223,21,0,0
BRDA:223,21,1,0
BRDA:56,22,0,0
BRDA:56,22,1,0
BRDA:57,23,0,0
BRDA:57,23,1,0
BRDA:57,24,0,0
BRDA:57,24,1,0
BRDA:59,25,0,0
BRDA:59,25,1,0
BRDA:60,26,0,0
BRDA:60,26,1,0
BRDA:62,27,0,0
BRDA:62,27,1,0
BRDA:288,28,0,0
BRDA:288,28,1,0
BRDA:288,28,2,0
BRDA:288,28,3,0
BRDA:289,29,0,0
BRDA:289,29,1,0
BRDA:283,30,0,0
BRDA:283,30,1,0
BRDA:323,31,0,0
BRDA:323,31,1,0
BRDA:322,32,0,0
BRDA:322,32,1,0
BRDA:311,33,0,0
BRDA:311,33,1,0
BRDA:314,34,0,0
BRDA:314,34,1,0
BRF:72
BRH:0
end_of_record
TN:
SF:src/components/TokenTrends.svelte
FN:1,TokenTrends
FN:9,(anonymous_1)
FN:10,(anonymous_2)
FN:14,pct
FN:15,(anonymous_4)
FN:7,(anonymous_5)
FN:7,(anonymous_6)
FN:24,(anonymous_7)
FN:34,(anonymous_8)
FN:34,(anonymous_9)
FN:38,(anonymous_10)
FN:38,(anonymous_11)
FN:42,(anonymous_12)
FN:43,(anonymous_13)
FN:41,(anonymous_14)
FN:38,(anonymous_15)
FN:57,(anonymous_16)
FN:57,(anonymous_17)
FN:58,(anonymous_18)
FN:58,(anonymous_19)
FN:58,(anonymous_20)
FN:28,(anonymous_21)
FN:29,(anonymous_22)
FN:30,(anonymous_23)
FN:31,(anonymous_24)
FN:21,(anonymous_25)
FN:23,(anonymous_26)
FNF:27
FNH:0
FNDA:0,TokenTrends
FNDA:0,(anonymous_1)
FNDA:0,(anonymous_2)
FNDA:0,pct
FNDA:0,(anonymous_4)
FNDA:0,(anonymous_5)
FNDA:0,(anonymous_6)
FNDA:0,(anonymous_7)
FNDA:0,(anonymous_8)
FNDA:0,(anonymous_9)
FNDA:0,(anonymous_10)
FNDA:0,(anonymous_11)
FNDA:0,(anonymous_12)
FNDA:0,(anonymous_13)
FNDA:0,(anonymous_14)
FNDA:0,(anonymous_15)
FNDA:0,(anonymous_16)
FNDA:0,(anonymous_17)
FNDA:0,(anonymous_18)
FNDA:0,(anonymous_19)
FNDA:0,(anonymous_20)
FNDA:0,(anonymous_21)
FNDA:0,(anonymous_22)
FNDA:0,(anonymous_23)
FNDA:0,(anonymous_24)
FNDA:0,(anonymous_25)
FNDA:0,(anonymous_26)
DA:7,0
DA:9,0
DA:10,0
DA:11,0
DA:15,0
DA:16,0
DA:20,0
DA:21,0
DA:22,0
DA:23,0
DA:24,0
DA:26,0
DA:27,0
DA:28,0
DA:29,0
DA:30,0
DA:31,0
DA:34,0
DA:35,0
DA:36,0
DA:38,0
DA:39,0
DA:40,0
DA:41,0
DA:42,0
DA:43,0
DA:45,0
DA:51,0
DA:53,0
DA:57,0
DA:58,0
DA:59,0
DA:60,0
DA:61,0
DA:62,0
DA:63,0
DA:64,0
DA:65,0
LF:38
LH:0
BRDA:11,0,0,0
BRDA:11,0,1,0
BRDA:11,1,0,0
BRDA:11,1,1,0
BRDA:7,2,0,0
BRDA:7,2,1,0
BRDA:24,3,0,0
BRDA:24,4,0,0
BRDA:24,4,1,0
BRDA:21,5,0,0
BRDA:21,5,1,0
BRF:11
BRH:0
end_of_record
TN:
SF:src/components/Toolbar.svelte
FN:1,Toolbar
FN:10,(anonymous_1)
FN:23,(anonymous_2)
FN:23,(anonymous_3)
FN:25,(anonymous_4)
FN:25,(anonymous_5)
FN:29,(anonymous_6)
FN:32,(anonymous_7)
FN:22,(anonymous_8)
FNF:9
FNH:0
FNDA:0,Toolbar
FNDA:0,(anonymous_1)
FNDA:0,(anonymous_2)
FNDA:0,(anonymous_3)
FNDA:0,(anonymous_4)
FNDA:0,(anonymous_5)
FNDA:0,(anonymous_6)
FNDA:0,(anonymous_7)
FNDA:0,(anonymous_8)
DA:10,0
DA:12,0
DA:16,0
DA:17,0
DA:18,0
DA:19,0
DA:22,0
DA:23,0
DA:24,0
DA:25,0
DA:29,0
DA:30,0
DA:31,0
DA:32,0
LF:14
LH:0
BRDA:18,0,0,0
BRDA:18,0,1,0
BRDA:19,1,0,0
BRDA:19,1,1,0
BRDA:24,2,0,0
BRDA:24,2,1,0
BRDA:24,3,0,0
BRDA:24,3,1,0
BRF:8
BRH:0
end_of_record
TN:
SF:src/components/TopBar.svelte
FN:1,TopBar
FN:24,(anonymous_1)
FN:25,(anonymous_2)
FN:47,closeOverflow
FN:56,sessionLabel
FN:73,onBeforeInstall
FN:77,onAppInstalled
FN:82,(anonymous_7)
FN:88,(anonymous_8)
FN:93,installApp
FN:100,switchTrace
FN:104,applySearch
FN:119,focusSearchResult
FN:130,onSearchKeyDown
FN:135,onSearchInput
FN:148,dismissSharePopover
FN:153,showSharePopover
FN:157,(anonymous_17)
FN:161,shareTrace
FN:198,downloadTrace
FN:37,(anonymous_20)
FN:44,(anonymous_21)
FN:51,(anonymous_22)
FN:52,(anonymous_23)
FN:242,(anonymous_24)
FN:243,(anonymous_25)
FN:238,(anonymous_26)
FN:241,(anonymous_27)
FN:237,(anonymous_28)
FN:226,(anonymous_29)
FN:229,(anonymous_30)
FN:235,(anonymous_31)
FN:220,(anonymous_32)
FN:250,(anonymous_33)
FN:250,(anonymous_34)
FN:252,(anonymous_35)
FN:252,(anonymous_36)
FN:250,(anonymous_37)
FN:253,(anonymous_38)
FN:254,(anonymous_39)
FN:250,(anonymous_40)
FN:258,(anonymous_41)
FN:259,(anonymous_42)
FN:251,(anonymous_43)
FN:264,(anonymous_44)
FN:264,(anonymous_45)
FN:264,(anonymous_46)
FN:264,(anonymous_47)
FN:248,change
FN:315,(anonymous_49)
FN:315,(anonymous_50)
FN:316,(anonymous_51)
FN:322,(anonymous_52)
FN:316,(anonymous_53)
FN:317,click_2
FN:342,(anonymous_55)
FN:342,(anonymous_56)
FN:343,(anonymous_57)
FN:343,(anonymous_58)
FN:350,(anonymous_59)
FN:344,click_4
FN:338,(anonymous_61)
FN:338,(anonymous_62)
FN:331,click_3
FN:329,(anonymous_64)
FN:297,(anonymous_65)
FN:304,(anonymous_66)
FN:293,click
FN:300,click_1
FN:368,(anonymous_69)
FN:373,(anonymous_70)
FN:376,(anonymous_71)
FN:370,(anonymous_72)
FN:371,(anonymous_73)
FN:361,(anonymous_74)
FN:391,(anonymous_75)
FN:394,(anonymous_76)
FN:392,(anonymous_77)
FN:405,(anonymous_78)
FN:407,(anonymous_79)
FN:414,(anonymous_80)
FN:414,(anonymous_81)
FN:388,(anonymous_82)
FN:218,(anonymous_83)
FN:383,(anonymous_84)
FN:407,click_5
FN:408,click_6
FN:413,(anonymous_87)
FNF:88
FNH:0
FNDA:0,TopBar
FNDA:0,(anonymous_1)
FNDA:0,(anonymous_2)
FNDA:0,closeOverflow
FNDA:0,sessionLabel
FNDA:0,onBeforeInstall
FNDA:0,onAppInstalled
FNDA:0,(anonymous_7)
FNDA:0,(anonymous_8)
FNDA:0,installApp
FNDA:0,switchTrace
FNDA:0,applySearch
FNDA:0,focusSearchResult
FNDA:0,onSearchKeyDown
FNDA:0,onSearchInput
FNDA:0,dismissSharePopover
FNDA:0,showSharePopover
FNDA:0,(anonymous_17)
FNDA:0,shareTrace
FNDA:0,downloadTrace
FNDA:0,(anonymous_20)
FNDA:0,(anonymous_21)
FNDA:0,(anonymous_22)
FNDA:0,(anonymous_23)
FNDA:0,(anonymous_24)
FNDA:0,(anonymous_25)
FNDA:0,(anonymous_26)
FNDA:0,(anonymous_27)
FNDA:0,(anonymous_28)
FNDA:0,(anonymous_29)
FNDA:0,(anonymous_30)
FNDA:0,(anonymous_31)
FNDA:0,(anonymous_32)
FNDA:0,(anonymous_33)
FNDA:0,(anonymous_34)
FNDA:0,(anonymous_35)
FNDA:0,(anonymous_36)
FNDA:0,(anonymous_37)
FNDA:0,(anonymous_38)
FNDA:0,(anonymous_39)
FNDA:0,(anonymous_40)
FNDA:0,(anonymous_41)
FNDA:0,(anonymous_42)
FNDA:0,(anonymous_43)
FNDA:0,(anonymous_44)
FNDA:0,(anonymous_45)
FNDA:0,(anonymous_46)
FNDA:0,(anonymous_47)
FNDA:0,change
FNDA:0,(anonymous_49)
FNDA:0,(anonymous_50)
FNDA:0,(anonymous_51)
FNDA:0,(anonymous_52)
FNDA:0,(anonymous_53)
FNDA:0,click_2
FNDA:0,(anonymous_55)
FNDA:0,(anonymous_56)
FNDA:0,(anonymous_57)
FNDA:0,(anonymous_58)
FNDA:0,(anonymous_59)
FNDA:0,click_4
FNDA:0,(anonymous_61)
FNDA:0,(anonymous_62)
FNDA:0,click_3
FNDA:0,(anonymous_64)
FNDA:0,(anonymous_65)
FNDA:0,(anonymous_66)
FNDA:0,click
FNDA:0,click_1
FNDA:0,(anonymous_69)
FNDA:0,(anonymous_70)
FNDA:0,(anonymous_71)
FNDA:0,(anonymous_72)
FNDA:0,(anonymous_73)
FNDA:0,(anonymous_74)
FNDA:0,(anonymous_75)
FNDA:0,(anonymous_76)
FNDA:0,(anonymous_77)
FNDA:0,(anonymous_78)
FNDA:0,(anonymous_79)
FNDA:0,(anonymous_80)
FNDA:0,(anonymous_81)
FNDA:0,(anonymous_82)
FNDA:0,(anonymous_83)
FNDA:0,(anonymous_84)
FNDA:0,click_5
FNDA:0,click_6
FNDA:0,(anonymous_87)
DA:24,0
DA:25,0
DA:26,0
DA:28,0
DA:29,0
DA:30,0
DA:31,0
DA:36,0
DA:37,0
DA:42,0
DA:43,0
DA:44,0
DA:46,0
DA:47,0
DA:50,0
DA:51,0
DA:52,0
DA:53,0
DA:57,0
DA:58,0
DA:59,0
DA:70,0
DA:71,0
DA:74,0
DA:75,0
DA:78,0
DA:79,0
DA:82,0
DA:84,0
DA:85,0
DA:86,0
DA:88,0
DA:89,0
DA:90,0
DA:94,0
DA:95,0
DA:96,0
DA:97,0
DA:101,0
DA:105,0
DA:106,0
DA:107,0
DA:108,0
DA:109,0
DA:110,0
DA:111,0
DA:112,0
DA:113,0
DA:114,0
DA:115,0
DA:120,0
DA:121,0
DA:122,0
DA:123,0
DA:126,0
DA:127,0
DA:131,0
DA:132,0
DA:136,0
DA:143,0
DA:144,0
DA:146,0
DA:149,0
DA:150,0
DA:154,0
DA:155,0
DA:156,0
DA:157,0
DA:162,0
DA:163,0
DA:164,0
DA:165,0
DA:166,0
DA:168,0
DA:169,0
DA:174,0
DA:176,0
DA:177,0
DA:178,0
DA:179,0
DA:180,0
DA:185,0
DA:187,0
DA:188,0
DA:190,0
DA:199,0
DA:200,0
DA:201,0
DA:202,0
DA:203,0
DA:204,0
DA:205,0
DA:206,0
DA:207,0
DA:208,0
DA:212,0
DA:213,0
DA:218,0
DA:220,0
DA:221,0
DA:226,0
DA:229,0
DA:235,0
DA:237,0
DA:238,0
DA:241,0
DA:242,0
DA:243,0
DA:247,0
DA:248,0
DA:249,0
DA:250,0
DA:251,0
DA:252,0
DA:254,0
DA:259,0
DA:264,0
DA:265,0
DA:269,0
DA:273,0
DA:274,0
DA:275,0
DA:279,0
DA:280,0
DA:281,0
DA:283,0
DA:293,0
DA:297,0
DA:298,0
DA:300,0
DA:304,0
DA:305,0
DA:307,0
DA:308,0
DA:309,0
DA:314,0
DA:315,0
DA:316,0
DA:317,0
DA:322,0
DA:325,0
DA:326,0
DA:329,0
DA:330,0
DA:331,0
DA:338,0
DA:339,0
DA:341,0
DA:342,0
DA:343,0
DA:344,0
DA:349,0
DA:350,0
DA:359,0
DA:360,0
DA:361,0
DA:368,0
DA:369,0
DA:370,0
DA:371,0
DA:372,0
DA:373,0
DA:374,0
DA:376,0
DA:383,0
DA:388,0
DA:389,0
DA:391,0
DA:392,0
DA:393,0
DA:394,0
DA:398,0
DA:399,0
DA:405,0
DA:407,0
DA:408,0
DA:413,0
DA:414,0
LF:178
LH:0
BRDA:57,0,0,0
BRDA:57,0,1,0
BRDA:58,1,0,0
BRDA:58,1,1,0
BRDA:84,2,0,0
BRDA:84,2,1,0
BRDA:94,3,0,0
BRDA:94,3,1,0
BRDA:106,4,0,0
BRDA:106,4,1,0
BRDA:108,5,0,0
BRDA:108,5,1,0
BRDA:111,6,0,0
BRDA:111,6,1,0
BRDA:112,7,0,0
BRDA:112,7,1,0
BRDA:113,8,0,0
BRDA:113,8,1,0
BRDA:113,9,0,0
BRDA:113,9,1,0
BRDA:120,10,0,0
BRDA:120,10,1,0
BRDA:121,11,0,0
BRDA:121,11,1,0
BRDA:122,12,0,0
BRDA:122,12,1,0
BRDA:123,13,0,0
BRDA:123,13,1,0
BRDA:124,14,0,0
BRDA:124,14,1,0
BRDA:131,15,0,0
BRDA:131,15,1,0
BRDA:132,16,0,0
BRDA:132,16,1,0
BRDA:149,17,0,0
BRDA:149,17,1,0
BRDA:153,18,0,0
BRDA:154,19,0,0
BRDA:154,19,1,0
BRDA:156,20,0,0
BRDA:156,20,1,0
BRDA:162,21,0,0
BRDA:162,21,1,0
BRDA:164,22,0,0
BRDA:164,22,1,0
BRDA:168,23,0,0
BRDA:168,23,1,0
BRDA:178,24,0,0
BRDA:178,24,1,0
BRDA:200,25,0,0
BRDA:200,25,1,0
BRDA:205,26,0,0
BRDA:205,26,1,0
BRDA:30,27,0,0
BRDA:30,27,1,0
BRDA:31,28,0,0
BRDA:31,28,1,0
BRDA:32,29,0,0
BRDA:32,29,1,0
BRDA:33,30,0,0
BRDA:33,30,1,0
BRDA:37,31,0,0
BRDA:37,31,1,0
BRDA:42,32,0,0
BRDA:42,32,1,0
BRDA:50,33,0,0
BRDA:50,33,1,0
BRDA:50,34,0,0
BRDA:50,34,1,0
BRDA:51,35,0,0
BRDA:51,35,1,0
BRDA:53,36,0,0
BRDA:53,36,1,0
BRDA:53,36,2,0
BRDA:146,37,0,0
BRDA:146,37,1,0
BRDA:146,38,0,0
BRDA:146,38,1,0
BRDA:242,39,0,0
BRDA:242,39,1,0
BRDA:243,40,0,0
BRDA:243,40,1,0
BRDA:225,41,0,0
BRDA:225,41,1,0
BRDA:226,42,0,0
BRDA:226,42,1,0
BRDA:229,43,0,0
BRDA:229,43,1,0
BRDA:231,44,0,0
BRDA:231,44,1,0
BRDA:233,45,0,0
BRDA:233,45,1,0
BRDA:235,46,0,0
BRDA:235,46,1,0
BRDA:220,47,0,0
BRDA:220,47,1,0
BRDA:254,48,0,0
BRDA:254,48,1,0
BRDA:254,49,0,0
BRDA:254,49,1,0
BRDA:259,50,0,0
BRDA:259,50,1,0
BRDA:259,51,0,0
BRDA:259,51,1,0
BRDA:251,52,0,0
BRDA:251,52,1,0
BRDA:249,53,0,0
BRDA:249,53,1,0
BRDA:248,54,0,0
BRDA:248,54,1,0
BRDA:248,55,0,0
BRDA:248,55,1,0
BRDA:269,56,0,0
BRDA:269,56,1,0
BRDA:247,57,0,0
BRDA:247,57,1,0
BRDA:274,58,0,0
BRDA:274,58,1,0
BRDA:308,59,0,0
BRDA:308,59,1,0
BRDA:307,60,0,0
BRDA:307,60,1,0
BRDA:317,61,0,0
BRDA:317,61,1,0
BRDA:341,62,0,0
BRDA:341,62,1,0
BRDA:331,63,0,0
BRDA:331,63,1,0
BRDA:280,64,0,0
BRDA:280,64,1,0
BRDA:369,65,0,0
BRDA:369,65,1,0
BRDA:359,66,0,0
BRDA:359,66,1,0
BRDA:394,67,0,0
BRDA:394,67,1,0
BRDA:392,68,0,0
BRDA:392,68,1,0
BRDA:398,69,0,0
BRDA:398,69,1,0
BRDA:398,70,0,0
BRDA:398,70,1,0
BRDA:414,71,0,0
BRDA:414,71,1,0
BRDA:388,72,0,0
BRDA:388,72,1,0
BRDA:388,73,0,0
BRDA:388,73,1,0
BRDA:411,74,0,0
BRDA:411,74,1,0
BRDA:412,75,0,0
BRDA:412,75,1,0
BRF:152
BRH:0
end_of_record
TN:
SF:src/components/WasmBoot.svelte
FN:1,WasmBoot
FN:11,(anonymous_1)
FN:20,(anonymous_2)
FNF:3
FNH:0
FNDA:0,WasmBoot
FNDA:0,(anonymous_1)
FNDA:0,(anonymous_2)
DA:3,0
DA:5,0
DA:8,0
DA:9,0
DA:11,0
DA:15,0
DA:16,0
DA:20,0
LF:8
LH:0
BRDA:20,0,0,0
BRDA:20,0,1,0
BRDA:8,1,0,0
BRDA:8,1,1,0
BRF:4
BRH:0
end_of_record
TN:
SF:src/components/WaterfallView.svelte
FN:1,WaterfallView
FN:43,focusView
FN:63,computeVisible
FN:84,toggleCollapse
FN:94,onRowKeyDown
FN:95,(anonymous_5)
FN:104,getKindIcon
FN:116,fmtCost
FN:123,fmtTokens
FN:136,barLeft
FN:140,barWidth
FN:147,formatNs
FN:154,buildTicks
FN:174,onBarWheel
FN:186,resetZoom
FN:192,onBarMouseMove
FN:197,onBarMouseLeave
FN:202,onRowClick
FN:209,(anonymous_18)
FN:211,(anonymous_19)
FN:216,(anonymous_20)
FN:226,(anonymous_21)
FN:226,(anonymous_22)
FN:226,(anonymous_23)
FN:225,(anonymous_24)
FN:225,(anonymous_25)
FN:243,(anonymous_26)
FN:243,(anonymous_27)
FN:244,(anonymous_28)
FN:244,(anonymous_29)
FN:245,(anonymous_30)
FN:246,(anonymous_31)
FN:247,(anonymous_32)
FN:248,(anonymous_33)
FN:244,(anonymous_34)
FN:249,(anonymous_35)
FN:250,(anonymous_36)
FN:262,(anonymous_37)
FN:274,(anonymous_38)
FN:277,(anonymous_39)
FN:272,(anonymous_40)
FN:292,(anonymous_41)
FN:292,(anonymous_42)
FN:291,(anonymous_43)
FN:296,(anonymous_44)
FN:296,(anonymous_45)
FN:304,(anonymous_46)
FN:302,(anonymous_47)
FN:318,(anonymous_48)
FN:319,(anonymous_49)
FN:244,(anonymous_50)
FN:320,mousemove
FN:260,(anonymous_52)
FN:268,(anonymous_53)
FN:251,click_1
FN:221,(anonymous_55)
FN:221,(anonymous_56)
FN:350,(anonymous_57)
FN:349,(anonymous_58)
FN:353,(anonymous_59)
FN:352,(anonymous_60)
FN:28,(anonymous_61)
FN:346,(anonymous_62)
FN:346,(anonymous_63)
FN:347,(anonymous_64)
FN:348,(anonymous_65)
FN:230,click
FN:235,(anonymous_67)
FNF:68
FNH:0
FNDA:0,WaterfallView
FNDA:0,focusView
FNDA:0,computeVisible
FNDA:0,toggleCollapse
FNDA:0,onRowKeyDown
FNDA:0,(anonymous_5)
FNDA:0,getKindIcon
FNDA:0,fmtCost
FNDA:0,fmtTokens
FNDA:0,barLeft
FNDA:0,barWidth
FNDA:0,formatNs
FNDA:0,buildTicks
FNDA:0,onBarWheel
FNDA:0,resetZoom
FNDA:0,onBarMouseMove
FNDA:0,onBarMouseLeave
FNDA:0,onRowClick
FNDA:0,(anonymous_18)
FNDA:0,(anonymous_19)
FNDA:0,(anonymous_20)
FNDA:0,(anonymous_21)
FNDA:0,(anonymous_22)
FNDA:0,(anonymous_23)
FNDA:0,(anonymous_24)
FNDA:0,(anonymous_25)
FNDA:0,(anonymous_26)
FNDA:0,(anonymous_27)
FNDA:0,(anonymous_28)
FNDA:0,(anonymous_29)
FNDA:0,(anonymous_30)
FNDA:0,(anonymous_31)
FNDA:0,(anonymous_32)
FNDA:0,(anonymous_33)
FNDA:0,(anonymous_34)
FNDA:0,(anonymous_35)
FNDA:0,(anonymous_36)
FNDA:0,(anonymous_37)
FNDA:0,(anonymous_38)
FNDA:0,(anonymous_39)
FNDA:0,(anonymous_40)
FNDA:0,(anonymous_41)
FNDA:0,(anonymous_42)
FNDA:0,(anonymous_43)
FNDA:0,(anonymous_44)
FNDA:0,(anonymous_45)
FNDA:0,(anonymous_46)
FNDA:0,(anonymous_47)
FNDA:0,(anonymous_48)
FNDA:0,(anonymous_49)
FNDA:0,(anonymous_50)
FNDA:0,mousemove
FNDA:0,(anonymous_52)
FNDA:0,(anonymous_53)
FNDA:0,click_1
FNDA:0,(anonymous_55)
FNDA:0,(anonymous_56)
FNDA:0,(anonymous_57)
FNDA:0,(anonymous_58)
FNDA:0,(anonymous_59)
FNDA:0,(anonymous_60)
FNDA:0,(anonymous_61)
FNDA:0,(anonymous_62)
FNDA:0,(anonymous_63)
FNDA:0,(anonymous_64)
FNDA:0,(anonymous_65)
FNDA:0,click
FNDA:0,(anonymous_67)
DA:9,0
DA:11,0
DA:12,0
DA:13,0
DA:18,0
DA:19,0
DA:22,0
DA:25,0
DA:28,0
DA:30,0
DA:31,0
DA:33,0
DA:36,0
DA:37,0
DA:40,0
DA:41,0
DA:44,0
DA:45,0
DA:46,0
DA:51,0
DA:52,0
DA:53,0
DA:54,0
DA:55,0
DA:56,0
DA:59,0
DA:60,0
DA:64,0
DA:65,0
DA:67,0
DA:69,0
DA:70,0
DA:73,0
DA:75,0
DA:77,0
DA:78,0
DA:81,0
DA:85,0
DA:86,0
DA:87,0
DA:89,0
DA:95,0
DA:96,0
DA:97,0
DA:98,0
DA:105,0
DA:106,0
DA:107,0
DA:108,0
DA:109,0
DA:110,0
DA:111,0
DA:117,0
DA:118,0
DA:119,0
DA:120,0
DA:124,0
DA:125,0
DA:126,0
DA:127,0
DA:128,0
DA:129,0
DA:131,0
DA:132,0
DA:137,0
DA:141,0
DA:145,0
DA:148,0
DA:149,0
DA:150,0
DA:151,0
DA:160,0
DA:161,0
DA:162,0
DA:163,0
DA:164,0
DA:165,0
DA:166,0
DA:167,0
DA:168,0
DA:170,0
DA:175,0
DA:176,0
DA:177,0
DA:178,0
DA:179,0
DA:180,0
DA:181,0
DA:182,0
DA:187,0
DA:188,0
DA:193,0
DA:194,0
DA:198,0
DA:199,0
DA:203,0
DA:207,0
DA:209,0
DA:210,0
DA:211,0
DA:212,0
DA:214,0
DA:215,0
DA:216,0
DA:221,0
DA:223,0
DA:225,0
DA:226,0
DA:227,0
DA:229,0
DA:230,0
DA:235,0
DA:237,0
DA:243,0
DA:244,0
DA:245,0
DA:246,0
DA:247,0
DA:248,0
DA:249,0
DA:250,0
DA:251,0
DA:260,0
DA:261,0
DA:262,0
DA:266,0
DA:268,0
DA:270,0
DA:271,0
DA:272,0
DA:274,0
DA:275,0
DA:277,0
DA:280,0
DA:283,0
DA:284,0
DA:287,0
DA:291,0
DA:292,0
DA:295,0
DA:296,0
DA:299,0
DA:302,0
DA:303,0
DA:304,0
DA:305,0
DA:311,0
DA:317,0
DA:318,0
DA:319,0
DA:320,0
DA:327,0
DA:329,0
DA:330,0
DA:341,0
DA:342,0
DA:346,0
DA:347,0
DA:348,0
DA:349,0
DA:350,0
DA:352,0
DA:353,0
DA:355,0
DA:356,0
LF:165
LH:0
BRDA:44,0,0,0
BRDA:44,0,1,0
BRDA:69,1,0,0
BRDA:69,1,1,0
BRDA:73,2,0,0
BRDA:73,2,1,0
BRDA:77,3,0,0
BRDA:77,3,1,0
BRDA:77,4,0,0
BRDA:77,4,1,0
BRDA:86,5,0,0
BRDA:86,5,1,0
BRDA:96,6,0,0
BRDA:96,6,1,0
BRDA:96,7,0,0
BRDA:96,7,1,0
BRDA:105,8,0,0
BRDA:105,8,1,0
BRDA:106,9,0,0
BRDA:106,9,1,0
BRDA:106,9,2,0
BRDA:106,9,3,0
BRDA:106,9,4,0
BRDA:117,10,0,0
BRDA:117,10,1,0
BRDA:117,11,0,0
BRDA:117,11,1,0
BRDA:118,12,0,0
BRDA:118,12,1,0
BRDA:119,13,0,0
BRDA:119,13,1,0
BRDA:127,14,0,0
BRDA:127,14,1,0
BRDA:127,15,0,0
BRDA:127,15,1,0
BRDA:128,16,0,0
BRDA:128,16,1,0
BRDA:131,17,0,0
BRDA:131,17,1,0
BRDA:148,18,0,0
BRDA:148,18,1,0
BRDA:149,19,0,0
BRDA:149,19,1,0
BRDA:150,20,0,0
BRDA:150,20,1,0
BRDA:160,21,0,0
BRDA:160,21,1,0
BRDA:160,22,0,0
BRDA:160,22,1,0
BRDA:166,23,0,0
BRDA:166,23,1,0
BRDA:166,24,0,0
BRDA:166,24,1,0
BRDA:175,25,0,0
BRDA:175,25,1,0
BRDA:175,26,0,0
BRDA:175,26,1,0
BRDA:177,27,0,0
BRDA:177,27,1,0
BRDA:210,28,0,0
BRDA:210,28,1,0
BRDA:54,29,0,0
BRDA:54,29,1,0
BRDA:227,30,0,0
BRDA:227,30,1,0
BRDA:247,31,0,0
BRDA:247,31,1,0
BRDA:274,32,0,0
BRDA:274,32,1,0
BRDA:277,33,0,0
BRDA:277,33,1,0
BRDA:244,34,0,0
BRDA:244,34,1,0
BRDA:283,35,0,0
BRDA:283,35,1,0
BRDA:296,36,0,0
BRDA:296,36,1,0
BRDA:244,37,0,0
BRDA:244,37,1,0
BRDA:304,38,0,0
BRDA:304,38,1,0
BRDA:305,39,0,0
BRDA:305,39,1,0
BRDA:305,40,0,0
BRDA:305,40,1,0
BRDA:302,41,0,0
BRDA:302,41,1,0
BRDA:302,41,2,0
BRDA:329,42,0,0
BRDA:329,42,1,0
BRDA:320,43,0,0
BRDA:320,43,1,0
BRDA:323,44,0,0
BRDA:323,44,1,0
BRDA:323,45,0,0
BRDA:323,45,1,0
BRDA:325,46,0,0
BRDA:325,46,1,0
BRDA:317,47,0,0
BRDA:317,47,1,0
BRDA:266,48,0,0
BRDA:266,48,1,0
BRDA:287,49,0,0
BRDA:287,49,1,0
BRDA:287,50,0,0
BRDA:287,50,1,0
BRDA:254,51,0,0
BRDA:254,51,1,0
BRDA:256,52,0,0
BRDA:256,52,1,0
BRDA:260,53,0,0
BRDA:260,53,1,0
BRDA:28,54,0,0
BRDA:28,54,1,0
BRDA:342,55,0,0
BRDA:342,55,1,0
BRDA:344,56,0,0
BRDA:344,56,1,0
BRDA:341,57,0,0
BRDA:341,57,1,0
BRF:120
BRH:0
end_of_record
TN:
SF:src/components/WelcomeState.svelte
FN:1,WelcomeState
FN:15,(anonymous_1)
FN:17,reloadRecent
FN:29,(anonymous_3)
FN:30,(anonymous_4)
FN:31,(anonymous_5)
FN:43,(anonymous_6)
FN:43,(anonymous_7)
FN:43,(anonymous_8)
FN:43,(anonymous_9)
FN:47,(anonymous_10)
FN:44,click
FN:51,click_1
FN:40,(anonymous_13)
FN:56,(anonymous_14)
FNF:15
FNH:13
FNDA:4,WelcomeState
FNDA:0,(anonymous_1)
FNDA:1,reloadRecent
FNDA:4,(anonymous_3)
FNDA:4,(anonymous_4)
FNDA:4,(anonymous_5)
FNDA:1,(anonymous_6)
FNDA:2,(anonymous_7)
FNDA:1,(anonymous_8)
FNDA:1,(anonymous_9)
FNDA:1,(anonymous_10)
FNDA:1,click
FNDA:0,click_1
FNDA:5,(anonymous_13)
FNDA:4,(anonymous_14)
DA:11,4
DA:12,4
DA:13,4
DA:15,4
DA:18,1
DA:19,1
DA:23,4
DA:24,4
DA:28,4
DA:29,4
DA:30,4
DA:31,4
DA:40,5
DA:41,1
DA:43,2
DA:44,1
DA:47,1
DA:48,1
DA:51,1
DA:55,4
DA:56,4
LF:21
LH:21
BRDA:19,0,0,0
BRDA:19,0,1,1
BRDA:40,1,0,1
BRDA:40,1,1,4
BRF:4
BRH:3
end_of_record
TN:
SF:src/components/Workspace.svelte
FN:1,Workspace
FN:37,(anonymous_1)
FN:47,focusActiveLens
FN:56,(anonymous_3)
FN:60,(anonymous_4)
FN:59,(anonymous_5)
FN:64,(anonymous_6)
FN:64,(anonymous_7)
FN:63,(anonymous_8)
FN:68,(anonymous_9)
FN:68,(anonymous_10)
FN:67,(anonymous_11)
FN:72,(anonymous_12)
FN:72,(anonymous_13)
FN:71,(anonymous_14)
FN:81,(anonymous_15)
FN:81,(anonymous_16)
FN:83,(anonymous_17)
FN:83,(anonymous_18)
FN:77,click
FN:78,click_1
FN:75,(anonymous_21)
FN:88,(anonymous_22)
FN:87,(anonymous_23)
FN:92,(anonymous_24)
FN:91,(anonymous_25)
FN:96,(anonymous_26)
FN:95,(anonymous_27)
FN:100,(anonymous_28)
FN:99,(anonymous_29)
FN:104,(anonymous_30)
FN:104,(anonymous_31)
FN:103,(anonymous_32)
FN:62,(anonymous_33)
FN:66,(anonymous_34)
FN:70,(anonymous_35)
FN:74,(anonymous_36)
FN:108,(anonymous_37)
FN:107,(anonymous_38)
FN:111,(anonymous_39)
FN:120,(anonymous_40)
FN:120,(anonymous_41)
FN:119,(anonymous_42)
FN:117,(anonymous_43)
FN:127,(anonymous_44)
FN:128,(anonymous_45)
FN:126,(anonymous_46)
FN:131,(anonymous_47)
FN:57,(anonymous_48)
FN:110,(anonymous_49)
FN:125,(anonymous_50)
FNF:51
FNH:0
FNDA:0,Workspace
FNDA:0,(anonymous_1)
FNDA:0,focusActiveLens
FNDA:0,(anonymous_3)
FNDA:0,(anonymous_4)
FNDA:0,(anonymous_5)
FNDA:0,(anonymous_6)
FNDA:0,(anonymous_7)
FNDA:0,(anonymous_8)
FNDA:0,(anonymous_9)
FNDA:0,(anonymous_10)
FNDA:0,(anonymous_11)
FNDA:0,(anonymous_12)
FNDA:0,(anonymous_13)
FNDA:0,(anonymous_14)
FNDA:0,(anonymous_15)
FNDA:0,(anonymous_16)
FNDA:0,(anonymous_17)
FNDA:0,(anonymous_18)
FNDA:0,click
FNDA:0,click_1
FNDA:0,(anonymous_21)
FNDA:0,(anonymous_22)
FNDA:0,(anonymous_23)
FNDA:0,(anonymous_24)
FNDA:0,(anonymous_25)
FNDA:0,(anonymous_26)
FNDA:0,(anonymous_27)
FNDA:0,(anonymous_28)
FNDA:0,(anonymous_29)
FNDA:0,(anonymous_30)
FNDA:0,(anonymous_31)
FNDA:0,(anonymous_32)
FNDA:0,(anonymous_33)
FNDA:0,(anonymous_34)
FNDA:0,(anonymous_35)
FNDA:0,(anonymous_36)
FNDA:0,(anonymous_37)
FNDA:0,(anonymous_38)
FNDA:0,(anonymous_39)
FNDA:0,(anonymous_40)
FNDA:0,(anonymous_41)
FNDA:0,(anonymous_42)
FNDA:0,(anonymous_43)
FNDA:0,(anonymous_44)
FNDA:0,(anonymous_45)
FNDA:0,(anonymous_46)
FNDA:0,(anonymous_47)
FNDA:0,(anonymous_48)
FNDA:0,(anonymous_49)
FNDA:0,(anonymous_50)
DA:9,0
DA:28,0
DA:30,0
DA:32,0
DA:33,0
DA:34,0
DA:35,0
DA:37,0
DA:40,0
DA:42,0
DA:43,0
DA:44,0
DA:48,0
DA:49,0
DA:54,0
DA:55,0
DA:56,0
DA:57,0
DA:58,0
DA:59,0
DA:60,0
DA:62,0
DA:63,0
DA:64,0
DA:66,0
DA:67,0
DA:68,0
DA:70,0
DA:71,0
DA:72,0
DA:74,0
DA:75,0
DA:76,0
DA:77,0
DA:78,0
DA:80,0
DA:81,0
DA:83,0
DA:86,0
DA:87,0
DA:88,0
DA:90,0
DA:91,0
DA:92,0
DA:94,0
DA:95,0
DA:96,0
DA:98,0
DA:99,0
DA:100,0
DA:103,0
DA:104,0
DA:107,0
DA:108,0
DA:110,0
DA:111,0
DA:117,0
DA:118,0
DA:119,0
DA:120,0
DA:125,0
DA:126,0
DA:127,0
DA:128,0
DA:131,0
LF:65
LH:0
BRDA:48,0,0,0
BRDA:48,0,1,0
BRDA:49,1,0,0
BRDA:49,1,1,0
BRDA:80,2,0,0
BRDA:80,2,1,0
BRDA:58,3,0,0
BRDA:58,3,1,0
BRDA:62,4,0,0
BRDA:62,4,1,0
BRDA:66,5,0,0
BRDA:66,5,1,0
BRDA:70,6,0,0
BRDA:70,6,1,0
BRDA:74,7,0,0
BRDA:74,7,1,0
BRDA:86,8,0,0
BRDA:86,8,1,0
BRDA:86,9,0,0
BRDA:86,9,1,0
BRDA:90,10,0,0
BRDA:90,10,1,0
BRDA:94,11,0,0
BRDA:94,11,1,0
BRDA:120,12,0,0
BRDA:120,12,1,0
BRDA:120,13,0,0
BRDA:120,13,1,0
BRDA:119,14,0,0
BRDA:119,14,1,0
BRDA:117,15,0,0
BRDA:117,15,1,0
BRDA:127,16,0,0
BRDA:127,16,1,0
BRDA:128,17,0,0
BRDA:128,17,1,0
BRDA:55,18,0,0
BRDA:55,18,1,0
BRDA:57,19,0,0
BRDA:57,19,1,0
BRF:40
BRH:0
end_of_record
TN:
SF:src/components/ui/Button.svelte
FN:1,Button
FN:15,(anonymous_1)
FNF:2
FNH:2
FNDA:20,Button
FNDA:5,(anonymous_1)
DA:7,20
DA:8,20
DA:9,20
DA:11,20
DA:12,20
DA:15,20
LF:6
LH:6
BRDA:18,0,0,20
BRDA:18,0,1,0
BRDA:18,1,0,20
BRDA:18,1,1,0
BRF:4
BRH:2
end_of_record
TN:
SF:src/components/ui/Chip.svelte
FN:1,Chip
FN:11,(anonymous_1)
FN:15,(anonymous_2)
FNF:3
FNH:3
FNDA:2,Chip
FNDA:1,(anonymous_1)
FNDA:1,(anonymous_2)
DA:6,2
DA:7,2
DA:10,2
DA:11,1
DA:15,1
LF:5
LH:5
BRDA:11,0,0,1
BRDA:11,0,1,0
BRDA:15,1,0,1
BRDA:15,1,1,0
BRDA:10,2,0,1
BRDA:10,2,1,1
BRF:6
BRH:4
end_of_record
TN:
SF:src/components/ui/Dialog.svelte
FN:1,Dialog
FN:19,focusable
FN:21,(anonymous_2)
FN:30,onKeydown
FN:68,enter
FN:74,restoreFocus
FN:106,(anonymous_6)
FN:106,(anonymous_7)
FN:107,(anonymous_8)
FN:95,(anonymous_9)
FN:101,(anonymous_10)
FN:88,click
FNF:12
FNH:11
FNDA:6,Dialog
FNDA:14,focusable
FNDA:14,(anonymous_2)
FNDA:11,onKeydown
FNDA:5,enter
FNDA:6,restoreFocus
FNDA:5,(anonymous_6)
FNDA:1,(anonymous_7)
FNDA:5,(anonymous_8)
FNDA:10,(anonymous_9)
FNDA:10,(anonymous_10)
FNDA:0,click
DA:6,6
DA:7,6
DA:9,6
DA:11,6
DA:13,6
DA:14,6
DA:17,6
DA:20,14
DA:21,14
DA:22,14
DA:31,11
DA:32,11
DA:33,1
DA:34,1
DA:35,1
DA:36,1
DA:38,10
DA:40,9
DA:41,9
DA:42,9
DA:43,9
DA:45,0
DA:46,0
DA:47,0
DA:49,0
DA:50,0
DA:51,0
DA:52,0
DA:53,0
DA:54,0
DA:61,6
DA:63,6
DA:64,1
DA:65,6
DA:69,5
DA:70,5
DA:71,5
DA:75,6
DA:76,6
DA:79,6
DA:82,6
DA:84,6
DA:85,5
DA:88,5
DA:93,0
DA:95,10
DA:101,10
DA:104,5
DA:105,5
DA:106,5
DA:107,5
DA:110,5
LF:52
LH:42
BRDA:20,0,0,0
BRDA:20,0,1,14
BRDA:22,1,0,14
BRDA:22,1,1,14
BRDA:31,2,0,0
BRDA:31,2,1,11
BRDA:32,3,0,1
BRDA:32,3,1,10
BRDA:38,4,0,1
BRDA:38,4,1,9
BRDA:41,5,0,9
BRDA:41,5,1,0
BRDA:49,6,0,0
BRDA:49,6,1,0
BRDA:49,7,0,0
BRDA:49,7,1,0
BRDA:49,7,2,0
BRDA:52,8,0,0
BRDA:52,8,1,0
BRDA:52,9,0,0
BRDA:52,9,1,0
BRDA:71,10,0,5
BRDA:71,10,1,5
BRDA:63,11,0,5
BRDA:63,11,1,1
BRDA:63,12,0,6
BRDA:63,12,1,5
BRDA:64,13,0,0
BRDA:64,13,1,1
BRDA:64,14,0,1
BRDA:64,14,1,1
BRDA:84,15,0,5
BRDA:84,15,1,1
BRF:33
BRH:20
end_of_record
TN:
SF:src/components/ui/EmptyState.svelte
FN:1,EmptyState
FN:15,(anonymous_1)
FN:15,(anonymous_2)
FN:18,(anonymous_3)
FN:17,(anonymous_4)
FNF:5
FNH:5
FNDA:2,EmptyState
FNDA:1,(anonymous_1)
FNDA:1,(anonymous_2)
FNDA:1,(anonymous_3)
FNDA:2,(anonymous_4)
DA:5,2
DA:6,2
DA:8,2
DA:10,2
DA:13,2
DA:14,2
DA:15,2
DA:17,2
DA:18,2
LF:9
LH:9
BRDA:15,0,0,1
BRDA:15,0,1,0
BRDA:14,1,0,1
BRDA:14,1,1,1
BRDA:18,2,0,1
BRDA:18,2,1,1
BRF:6
BRH:5
end_of_record
TN:
SF:src/components/ui/Icon.svelte
FN:27,Icon
FN:38,(anonymous_1)
FN:41,(anonymous_2)
FN:56,(anonymous_3)
FN:57,(anonymous_4)
FNF:5
FNH:5
FNDA:51,Icon
FNDA:122,(anonymous_1)
FNDA:103,(anonymous_2)
FNDA:121,(anonymous_3)
FNDA:122,(anonymous_4)
DA:8,6
DA:29,51
DA:31,51
DA:36,51
DA:38,122
DA:41,52
DA:57,122
LF:7
LH:7
BRDA:51,0,0,0
BRDA:51,0,1,51
BRDA:53,1,0,0
BRDA:53,1,1,51
BRF:4
BRH:2
end_of_record
TN:
SF:src/components/ui/ViewSkeleton.svelte
FN:1,ViewSkeleton
FN:18,(anonymous_1)
FN:18,(anonymous_2)
FN:19,(anonymous_3)
FN:20,(anonymous_4)
FN:20,(anonymous_5)
FNF:6
FNH:6
FNDA:1,ViewSkeleton
FNDA:1,(anonymous_1)
FNDA:1,(anonymous_2)
FNDA:8,(anonymous_3)
FNDA:8,(anonymous_4)
FNDA:8,(anonymous_5)
DA:7,1
DA:8,1
DA:11,1
DA:17,1
DA:18,1
DA:19,1
DA:20,8
DA:23,1
DA:24,1
DA:25,1
LF:10
LH:10
BRF:0
BRH:0
end_of_record
TN:
SF:src/lib/animation.ts
FN:3,springGentle
FN:8,springBouncy
FN:13,springSnappy
FN:18,prefersReducedMotion
FN:23,respectMotion
FN:28,(anonymous_5)
FN:29,(anonymous_6)
FN:30,(anonymous_7)
FN:31,(anonymous_8)
FN:33,(anonymous_9)
FN:35,(anonymous_10)
FNF:11
FNH:4
FNDA:0,springGentle
FNDA:0,springBouncy
FNDA:0,springSnappy
FNDA:10,prefersReducedMotion
FNDA:10,respectMotion
FNDA:0,(anonymous_5)
FNDA:0,(anonymous_6)
FNDA:0,(anonymous_7)
FNDA:0,(anonymous_8)
FNDA:6,(anonymous_9)
FNDA:4,(anonymous_10)
DA:1,1
DA:4,0
DA:5,0
DA:9,0
DA:10,0
DA:14,0
DA:15,0
DA:19,10
DA:20,10
DA:24,10
DA:25,10
DA:28,1
DA:29,1
DA:30,1
DA:31,1
DA:33,1
DA:34,6
DA:35,1
DA:36,4
LF:19
LH:13
BRDA:4,0,0,0
BRDA:4,0,1,0
BRDA:4,1,0,0
BRDA:4,1,1,0
BRDA:9,2,0,0
BRDA:9,2,1,0
BRDA:9,3,0,0
BRDA:9,3,1,0
BRDA:14,4,0,0
BRDA:14,4,1,0
BRDA:14,5,0,0
BRDA:14,5,1,0
BRDA:19,6,0,0
BRDA:19,6,1,10
BRDA:24,7,0,0
BRDA:24,7,1,10
BRF:16
BRH:2
end_of_record
TN:
SF:src/lib/chat.ts
FN:14,segmentContent
FN:29,pushText
FNF:2
FNH:2
FNDA:9,segmentContent
FNDA:11,pushText
DA:7,1
DA:15,9
DA:16,7
DA:17,7
DA:18,7
DA:19,4
DA:20,4
DA:21,4
DA:22,4
DA:23,4
DA:25,7
DA:26,7
DA:30,11
DA:31,11
LF:14
LH:14
BRDA:15,0,0,2
BRDA:15,0,1,7
BRDA:19,1,0,4
BRDA:19,1,1,0
BRDA:22,2,0,4
BRDA:22,2,1,2
BRDA:31,3,0,4
BRDA:31,3,1,7
BRF:8
BRH:7
end_of_record
TN:
SF:src/lib/conventions-bundle.ts
FNF:0
FNH:0
DA:6,1
DA:7,1
LF:2
LH:2
BRF:0
BRH:0
end_of_record
TN:
SF:src/lib/input.ts
FN:11,openFilePicker
FN:15,(anonymous_1)
FN:22,readFileText
FN:40,inflateRaw
FN:49,readZipFile
FN:117,handleFile
FN:127,handleRawInput
FN:160,nextFrame
FN:161,(anonymous_8)
FN:161,(anonymous_9)
FN:164,handleRawInputAsync
FNF:11
FNH:7
FNDA:1,openFilePicker
FNDA:0,(anonymous_1)
FNDA:2,readFileText
FNDA:0,inflateRaw
FNDA:0,readZipFile
FNDA:0,handleFile
FNDA:7,handleRawInput
FNDA:5,nextFrame
FNDA:5,(anonymous_8)
FNDA:5,(anonymous_9)
FNDA:1,handleRawInputAsync
DA:8,1
DA:9,1
DA:12,1
DA:13,1
DA:14,1
DA:15,1
DA:16,0
DA:17,0
DA:19,1
DA:23,2
DA:24,1
DA:30,1
DA:33,1
DA:34,0
DA:37,1
DA:43,0
DA:46,0
DA:51,0
DA:52,0
DA:53,0
DA:55,0
DA:56,0
DA:58,0
DA:59,0
DA:60,0
DA:62,0
DA:63,0
DA:64,0
DA:65,0
DA:67,0
DA:68,0
DA:70,0
DA:72,0
DA:73,0
DA:75,0
DA:76,0
DA:77,0
DA:78,0
DA:79,0
DA:86,0
DA:89,0
DA:90,0
DA:96,0
DA:99,0
DA:100,0
DA:104,0
DA:105,0
DA:106,0
DA:107,0
DA:108,0
DA:114,0
DA:118,0
DA:119,0
DA:120,0
DA:121,0
DA:122,0
DA:124,0
DA:128,7
DA:129,7
DA:131,7
DA:132,7
DA:133,7
DA:134,7
DA:135,7
DA:137,7
DA:138,7
DA:139,7
DA:140,7
DA:141,7
DA:142,7
DA:143,7
DA:144,7
DA:145,7
DA:148,7
DA:149,7
DA:150,7
DA:152,6
DA:154,1
DA:155,1
DA:156,1
DA:161,5
DA:165,1
DA:166,1
DA:167,1
DA:170,1
DA:171,1
DA:174,1
DA:175,1
DA:176,1
DA:177,1
DA:178,1
DA:180,1
DA:181,1
DA:182,1
DA:183,1
DA:185,1
DA:187,1
DA:188,1
DA:189,1
DA:191,1
DA:193,1
DA:194,1
DA:195,1
DA:197,1
DA:199,1
DA:200,1
DA:201,1
DA:203,1
DA:204,1
DA:205,1
DA:207,1
DA:208,1
DA:210,1
DA:211,1
DA:212,1
DA:214,1
DA:216,0
DA:217,0
DA:218,0
LF:119
LH:71
BRDA:17,0,0,0
BRDA:17,0,1,0
BRDA:23,1,0,1
BRDA:23,1,1,1
BRDA:33,2,0,0
BRDA:33,2,1,1
BRDA:60,3,0,0
BRDA:60,3,1,0
BRDA:72,4,0,0
BRDA:72,4,1,0
BRDA:75,5,0,0
BRDA:75,5,1,0
BRDA:77,6,0,0
BRDA:77,6,1,0
BRDA:89,7,0,0
BRDA:89,7,1,0
BRDA:99,8,0,0
BRDA:99,8,1,0
BRDA:107,9,0,0
BRDA:107,9,1,0
BRDA:107,9,2,0
BRDA:119,10,0,0
BRDA:119,10,1,0
BRDA:120,11,0,0
BRDA:120,11,1,0
BRDA:127,12,0,7
BRDA:127,13,0,7
BRDA:128,14,0,7
BRDA:128,14,1,0
BRDA:148,15,0,7
BRDA:148,15,1,0
BRDA:148,15,2,0
BRDA:150,16,0,1
BRDA:150,16,1,6
BRDA:164,17,0,1
BRDA:164,18,0,1
BRDA:165,19,0,1
BRDA:165,19,1,0
BRDA:167,20,0,0
BRDA:167,20,1,1
BRDA:181,21,0,1
BRDA:181,21,1,0
BRDA:187,22,0,1
BRDA:187,22,1,0
BRDA:193,23,0,1
BRDA:193,23,1,0
BRDA:199,24,0,1
BRDA:199,24,1,0
BRDA:210,25,0,1
BRDA:210,25,1,0
BRDA:210,25,2,0
BRDA:212,26,0,0
BRDA:212,26,1,1
BRF:53
BRH:19
end_of_record
TN:
SF:src/lib/keyboard.ts
FN:30,isEditingTarget
FN:48,installKeyboardRouter
FN:49,(anonymous_2)
FN:94,(anonymous_3)
FNF:4
FNH:4
FNDA:22,isEditingTarget
FNDA:8,installKeyboardRouter
FNDA:22,(anonymous_2)
FNDA:8,(anonymous_3)
DA:31,22
DA:49,8
DA:50,22
DA:52,15
DA:53,1
DA:54,1
DA:55,1
DA:59,14
DA:60,3
DA:61,1
DA:62,1
DA:64,3
DA:67,11
DA:69,22
DA:70,10
DA:71,9
DA:72,8
DA:75,7
DA:76,3
DA:77,3
DA:78,3
DA:81,4
DA:82,1
DA:83,1
DA:84,1
DA:87,3
DA:88,1
DA:89,1
DA:93,8
DA:94,8
LF:30
LH:30
BRDA:32,0,0,22
BRDA:32,0,1,20
BRDA:32,0,2,18
BRDA:32,0,3,16
BRDA:32,0,4,1
BRDA:50,1,0,7
BRDA:50,1,1,15
BRDA:52,2,0,1
BRDA:52,2,1,14
BRDA:52,3,0,15
BRDA:52,3,1,1
BRDA:52,3,2,1
BRDA:52,3,3,1
BRDA:59,4,0,3
BRDA:59,4,1,11
BRDA:60,5,0,1
BRDA:60,5,1,2
BRDA:67,6,0,11
BRDA:67,6,1,8
BRDA:69,7,0,1
BRDA:69,7,1,21
BRDA:69,8,0,22
BRDA:69,8,1,4
BRDA:70,9,0,1
BRDA:70,9,1,9
BRDA:70,10,0,10
BRDA:70,10,1,3
BRDA:71,11,0,1
BRDA:71,11,1,8
BRDA:71,12,0,9
BRDA:71,12,1,2
BRDA:72,13,0,1
BRDA:72,13,1,7
BRDA:72,14,0,8
BRDA:72,14,1,1
BRDA:75,15,0,3
BRDA:75,15,1,4
BRDA:75,16,0,7
BRDA:75,16,1,7
BRDA:75,16,2,7
BRDA:81,17,0,1
BRDA:81,17,1,3
BRDA:81,18,0,4
BRDA:81,18,1,1
BRDA:81,18,2,1
BRDA:81,18,3,1
BRDA:81,18,4,1
BRDA:87,19,0,1
BRDA:87,19,1,2
BRDA:87,20,0,3
BRDA:87,20,1,1
BRF:51
BRH:51
end_of_record
TN:
SF:src/lib/live.ts
FN:34,connectLive
FN:40,(anonymous_1)
FN:40,(anonymous_2)
FN:41,(anonymous_3)
FN:41,(anonymous_4)
FN:42,(anonymous_5)
FN:44,(anonymous_6)
FN:51,toggleLivePause
FN:53,(anonymous_8)
FN:57,disconnectLive
FN:61,(anonymous_10)
FNF:11
FNH:9
FNDA:1,connectLive
FNDA:1,(anonymous_1)
FNDA:1,(anonymous_2)
FNDA:0,(anonymous_3)
FNDA:0,(anonymous_4)
FNDA:3,(anonymous_5)
FNDA:3,(anonymous_6)
FNDA:2,toggleLivePause
FNDA:2,(anonymous_8)
FNDA:2,disconnectLive
FNDA:2,(anonymous_10)
DA:28,1
DA:30,1
DA:31,1
DA:35,1
DA:36,1
DA:37,1
DA:39,1
DA:40,1
DA:41,1
DA:42,1
DA:43,3
DA:44,3
DA:45,3
DA:46,2
DA:52,2
DA:53,2
DA:58,2
DA:59,2
DA:60,2
DA:61,2
LF:20
LH:20
BRDA:43,0,0,0
BRDA:43,0,1,3
BRDA:43,1,0,3
BRDA:43,1,1,3
BRDA:45,2,0,1
BRDA:45,2,1,2
BRF:6
BRH:5
end_of_record
TN:
SF:src/lib/palette.ts
FNF:0
FNH:0
DA:8,1
LF:1
LH:1
BRF:0
BRH:0
end_of_record
TN:
SF:src/lib/permalink.ts
FN:64,backendTraceUrl
FN:82,isShareSupported
FN:86,pumpThrough
FN:102,(anonymous_3)
FN:103,(anonymous_4)
FN:109,gunzip
FN:113,bytesToBase64Url
FN:125,base64UrlToBytes
FN:137,encodeTrace
FN:150,decodeTrace
FN:159,decodeNotes
FN:175,coerceView
FN:190,parsePermalink
FN:194,(anonymous_13)
FN:211,defaultBaseUrl
FN:225,buildShareUrl
FN:240,(anonymous_16)
FNF:17
FNH:14
FNDA:2,backendTraceUrl
FNDA:0,isShareSupported
FNDA:1,pumpThrough
FNDA:1,(anonymous_3)
FNDA:0,(anonymous_4)
FNDA:1,gunzip
FNDA:14,bytesToBase64Url
FNDA:10,base64UrlToBytes
FNDA:12,encodeTrace
FNDA:6,decodeTrace
FNDA:13,decodeNotes
FNDA:13,coerceView
FNDA:13,parsePermalink
FNDA:26,(anonymous_13)
FNDA:0,defaultBaseUrl
FNDA:7,buildShareUrl
FNDA:4,(anonymous_16)
DA:22,1
DA:39,1
DA:65,2
DA:66,1
DA:79,1
DA:83,0
DA:90,1
DA:100,1
DA:102,1
DA:106,1
DA:110,1
DA:114,14
DA:115,14
DA:116,14
DA:117,19
DA:119,14
DA:126,10
DA:127,10
DA:128,10
DA:129,10
DA:130,10
DA:131,2039
DA:133,9
DA:138,12
DA:151,6
DA:152,6
DA:153,1
DA:155,5
DA:160,13
DA:161,4
DA:162,4
DA:163,4
DA:164,4
DA:165,3
DA:166,3
DA:167,5
DA:169,3
DA:171,1
DA:176,13
DA:191,13
DA:192,13
DA:193,13
DA:194,26
DA:196,13
DA:197,13
DA:198,13
DA:200,13
DA:202,13
DA:212,0
DA:232,7
DA:233,7
DA:234,7
DA:235,7
DA:236,7
DA:237,2
DA:239,7
DA:240,4
DA:242,7
DA:243,7
DA:244,2
DA:245,2
DA:247,7
DA:250,7
DA:251,7
LF:64
LH:62
BRDA:65,0,0,1
BRDA:65,0,1,1
BRDA:65,1,0,2
BRDA:65,1,1,1
BRDA:127,2,0,4
BRDA:127,2,1,6
BRDA:152,3,0,1
BRDA:152,3,1,5
BRDA:160,4,0,9
BRDA:160,4,1,4
BRDA:164,5,0,0
BRDA:164,5,1,4
BRDA:164,6,0,4
BRDA:164,6,1,3
BRDA:167,7,0,4
BRDA:167,7,1,1
BRDA:167,8,0,5
BRDA:167,8,1,5
BRDA:169,9,0,2
BRDA:169,9,1,1
BRDA:176,10,0,6
BRDA:176,10,1,7
BRDA:176,11,0,13
BRDA:176,11,1,7
BRDA:190,12,0,13
BRDA:194,13,0,26
BRDA:194,13,1,17
BRDA:198,14,0,13
BRDA:198,14,1,11
BRDA:200,15,0,2
BRDA:200,15,1,11
BRDA:200,16,0,13
BRDA:200,16,1,2
BRDA:200,16,2,2
BRDA:204,17,0,13
BRDA:204,17,1,12
BRDA:236,18,0,2
BRDA:236,18,1,5
BRDA:239,19,0,3
BRDA:239,19,1,4
BRDA:243,20,0,2
BRDA:243,20,1,5
BRDA:247,21,0,7
BRDA:247,21,1,0
BRF:44
BRH:42
end_of_record
TN:
SF:src/lib/recent.ts
FN:29,db
FN:31,(anonymous_1)
FN:33,(anonymous_2)
FN:40,(anonymous_3)
FN:41,(anonymous_4)
FN:47,reqDone
FN:48,(anonymous_6)
FN:49,(anonymous_7)
FN:50,(anonymous_8)
FN:54,txDone
FN:55,(anonymous_10)
FN:56,(anonymous_11)
FN:57,(anonymous_12)
FN:58,(anonymous_13)
FN:63,hashOf
FN:69,allMeta
FN:74,refresh
FN:76,(anonymous_17)
FN:81,loadRecent
FN:88,saveRecent
FN:93,(anonymous_20)
FN:93,(anonymous_21)
FN:94,(anonymous_22)
FN:94,(anonymous_23)
FN:95,(anonymous_24)
FN:114,getRecentJson
FN:127,clearRecent
FNF:27
FNH:3
FNDA:1,db
FNDA:1,(anonymous_1)
FNDA:0,(anonymous_2)
FNDA:0,(anonymous_3)
FNDA:0,(anonymous_4)
FNDA:0,reqDone
FNDA:0,(anonymous_6)
FNDA:0,(anonymous_7)
FNDA:0,(anonymous_8)
FNDA:0,txDone
FNDA:0,(anonymous_10)
FNDA:0,(anonymous_11)
FNDA:0,(anonymous_12)
FNDA:0,(anonymous_13)
FNDA:0,hashOf
FNDA:0,allMeta
FNDA:0,refresh
FNDA:0,(anonymous_17)
FNDA:0,loadRecent
FNDA:0,saveRecent
FNDA:0,(anonymous_20)
FNDA:0,(anonymous_21)
FNDA:0,(anonymous_22)
FNDA:0,(anonymous_23)
FNDA:0,(anonymous_24)
FNDA:1,getRecentJson
FNDA:0,clearRecent
DA:11,1
DA:12,1
DA:13,1
DA:14,1
DA:25,1
DA:27,1
DA:30,1
DA:31,1
DA:32,1
DA:33,1
DA:34,0
DA:35,0
DA:36,0
DA:38,0
DA:40,1
DA:41,1
DA:44,1
DA:48,0
DA:49,0
DA:50,0
DA:55,0
DA:56,0
DA:57,0
DA:58,0
DA:64,0
DA:65,0
DA:66,0
DA:70,0
DA:71,0
DA:75,0
DA:76,0
DA:77,0
DA:82,0
DA:83,0
DA:89,0
DA:90,0
DA:91,0
DA:92,0
DA:93,0
DA:94,0
DA:95,0
DA:97,0
DA:98,0
DA:99,0
DA:100,0
DA:101,0
DA:102,0
DA:104,0
DA:107,0
DA:108,0
DA:109,0
DA:115,1
DA:116,1
DA:117,0
DA:120,0
DA:122,1
DA:128,0
DA:129,0
DA:130,0
DA:131,0
DA:132,0
DA:133,0
DA:134,0
LF:63
LH:16
BRDA:30,0,0,1
BRDA:30,0,1,0
BRDA:35,1,0,0
BRDA:35,1,1,0
BRDA:36,2,0,0
BRDA:36,2,1,0
BRDA:38,3,0,0
BRDA:38,3,1,0
BRDA:120,4,0,0
BRDA:120,4,1,0
BRF:10
BRH:1
end_of_record
TN:
SF:src/lib/sample.ts
FNF:0
FNH:0
DA:3,0
LF:1
LH:0
BRF:0
BRH:0
end_of_record
TN:
SF:src/lib/theme.ts
FN:18,resolveTheme
FN:27,readStored
FN:35,createThemeStore
FN:43,toggle
FN:44,(anonymous_4)
FN:52,apply
FNF:6
FNH:6
FNDA:8,resolveTheme
FNDA:2,readStored
FNDA:2,createThemeStore
FNDA:3,toggle
FNDA:3,(anonymous_4)
FNDA:4,apply
DA:19,8
DA:20,6
DA:21,6
DA:24,2
DA:28,2
DA:29,2
DA:31,0
DA:39,2
DA:41,2
DA:44,3
DA:45,3
DA:46,3
DA:47,3
DA:49,3
DA:53,4
DA:54,4
DA:56,4
DA:61,2
LF:18
LH:17
BRDA:19,0,0,2
BRDA:19,0,1,6
BRDA:19,1,0,8
BRDA:19,1,1,7
BRDA:20,2,0,0
BRDA:20,2,1,6
BRDA:21,3,0,1
BRDA:21,3,1,5
BRDA:29,4,0,0
BRDA:29,4,1,2
BRDA:45,5,0,1
BRDA:45,5,1,2
BRDA:46,6,0,3
BRDA:46,6,1,0
BRDA:53,7,0,4
BRDA:53,7,1,0
BRF:16
BRH:12
end_of_record
TN:
SF:src/lib/views.ts
FN:27,viewTabs
FN:53,secondaryViews
FN:54,(anonymous_2)
FN:58,viewOrder
FN:59,(anonymous_4)
FN:63,shortcutOrder
FN:64,(anonymous_6)
FN:79,resolveView
FN:82,(anonymous_8)
FN:94,isViewName
FNF:10
FNH:10
FNDA:24,viewTabs
FNDA:4,secondaryViews
FNDA:16,(anonymous_2)
FNDA:12,viewOrder
FNDA:60,(anonymous_4)
FNDA:2,shortcutOrder
FNDA:6,(anonymous_6)
FNDA:5,resolveView
FNDA:13,(anonymous_8)
FNDA:18,isViewName
DA:28,24
DA:45,2
DA:54,16
DA:59,60
DA:64,6
DA:80,5
DA:81,5
DA:82,13
DA:83,3
DA:84,1
DA:88,2
DA:95,18
LF:12
LH:12
BRDA:31,0,0,18
BRDA:31,0,1,6
BRDA:54,1,0,16
BRDA:54,1,1,8
BRDA:63,2,0,2
BRDA:81,3,0,1
BRDA:81,3,1,4
BRDA:82,4,0,1
BRDA:82,4,1,3
BRDA:83,5,0,2
BRDA:83,5,1,1
BRDA:83,6,0,3
BRDA:83,6,1,2
BRDA:95,7,0,18
BRDA:95,7,1,17
BRF:15
BRH:15
end_of_record
TN:
SF:src/lib/wasm.ts
FN:34,loadWasm
FN:54,getInitWarnings
FN:58,parseTrace
FN:62,getFlameGraphLayout
FN:66,getTimelineLayout
FN:70,getWaterfallLayout
FN:74,getSpanDetail
FN:78,searchSpans
FN:94,filterSpans
FN:102,getAgentFlow
FN:108,getServiceGraph
FN:114,parseComparisonTrace
FN:120,computeComparisonMatrix
FN:126,getComparisonFlamegraph
FN:132,clearComparison
FN:137,getCriticalPath
FN:143,getCostBreakdown
FN:150,computeTokenTrends
FN:160,computeDashboard
FN:170,computeSessionGroups
FN:180,isShareCompressionReady
FN:187,compressShare
FN:195,decompressShare
FN:202,safeParseWasmError
FNF:24
FNH:2
FNDA:0,loadWasm
FNDA:0,getInitWarnings
FNDA:0,parseTrace
FNDA:0,getFlameGraphLayout
FNDA:0,getTimelineLayout
FNDA:0,getWaterfallLayout
FNDA:0,getSpanDetail
FNDA:0,searchSpans
FNDA:0,filterSpans
FNDA:0,getAgentFlow
FNDA:0,getServiceGraph
FNDA:0,parseComparisonTrace
FNDA:0,computeComparisonMatrix
FNDA:0,getComparisonFlamegraph
FNDA:0,clearComparison
FNDA:0,getCriticalPath
FNDA:0,getCostBreakdown
FNDA:0,computeTokenTrends
FNDA:0,computeDashboard
FNDA:0,computeSessionGroups
FNDA:0,isShareCompressionReady
FNDA:12,compressShare
FNDA:5,decompressShare
FNDA:0,safeParseWasmError
DA:30,1
DA:32,1
DA:35,0
DA:36,0
DA:37,0
DA:38,0
DA:40,0
DA:41,0
DA:42,0
DA:43,0
DA:44,0
DA:45,0
DA:49,0
DA:55,0
DA:59,0
DA:63,0
DA:67,0
DA:71,0
DA:75,0
DA:79,0
DA:80,0
DA:81,0
DA:83,0
DA:95,0
DA:96,0
DA:97,0
DA:99,0
DA:103,0
DA:104,0
DA:105,0
DA:109,0
DA:110,0
DA:111,0
DA:115,0
DA:116,0
DA:117,0
DA:121,0
DA:122,0
DA:123,0
DA:127,0
DA:128,0
DA:129,0
DA:133,0
DA:134,0
DA:138,0
DA:139,0
DA:140,0
DA:144,0
DA:145,0
DA:146,0
DA:153,0
DA:155,0
DA:156,0
DA:163,0
DA:165,0
DA:166,0
DA:173,0
DA:175,0
DA:176,0
DA:181,0
DA:188,12
DA:190,12
DA:191,12
DA:196,5
DA:198,5
DA:199,5
DA:204,0
DA:205,0
DA:207,0
DA:208,0
DA:209,0
DA:215,0
LF:72
LH:8
BRDA:41,0,0,0
BRDA:41,0,1,0
BRDA:44,1,0,0
BRDA:44,1,1,0
BRDA:44,2,0,0
BRDA:44,2,1,0
BRDA:80,3,0,0
BRDA:80,3,1,0
BRDA:96,4,0,0
BRDA:96,4,1,0
BRDA:104,5,0,0
BRDA:104,5,1,0
BRDA:110,6,0,0
BRDA:110,6,1,0
BRDA:116,7,0,0
BRDA:116,7,1,0
BRDA:122,8,0,0
BRDA:122,8,1,0
BRDA:128,9,0,0
BRDA:128,9,1,0
BRDA:139,10,0,0
BRDA:139,10,1,0
BRDA:145,11,0,0
BRDA:145,11,1,0
BRDA:155,12,0,0
BRDA:155,12,1,0
BRDA:165,13,0,0
BRDA:165,13,1,0
BRDA:175,14,0,0
BRDA:175,14,1,0
BRDA:190,15,0,0
BRDA:190,15,1,12
BRDA:198,16,0,0
BRDA:198,16,1,5
BRDA:204,17,0,0
BRDA:204,17,1,0
BRDA:205,18,0,0
BRDA:205,18,1,0
BRDA:207,19,0,0
BRDA:207,19,1,0
BRF:40
BRH:2
end_of_record
TN:
SF:src/stores/annotations.ts
FN:5,loadAll
FN:20,createAnnotationStore
FN:26,get
FN:28,(anonymous_3)
FN:32,setNote
FN:40,(anonymous_5)
FN:52,setMany
FN:53,(anonymous_7)
FN:60,(anonymous_8)
FN:67,removeNote
FN:71,(anonymous_10)
FNF:11
FNH:11
FNDA:1,loadAll
FNDA:1,createAnnotationStore
FNDA:4,get
FNDA:4,(anonymous_3)
FNDA:5,setNote
FNDA:5,(anonymous_5)
FNDA:2,setMany
FNDA:4,(anonymous_7)
FNDA:1,(anonymous_8)
FNDA:5,removeNote
FNDA:5,(anonymous_10)
DA:3,1
DA:6,1
DA:7,1
DA:8,1
DA:9,0
DA:10,0
DA:11,0
DA:14,1
DA:16,0
DA:21,1
DA:23,1
DA:27,4
DA:28,4
DA:29,4
DA:33,5
DA:34,5
DA:35,4
DA:37,1
DA:40,5
DA:41,5
DA:42,5
DA:43,4
DA:45,1
DA:47,5
DA:53,4
DA:54,2
DA:55,1
DA:56,2
DA:57,2
DA:60,1
DA:61,1
DA:62,2
DA:63,1
DA:68,5
DA:69,5
DA:71,5
DA:72,5
DA:73,5
DA:74,5
DA:80,1
LF:40
LH:36
BRDA:10,0,0,0
BRDA:10,0,1,0
BRDA:11,1,0,0
BRDA:11,1,1,0
BRDA:28,2,0,4
BRDA:28,2,1,2
BRDA:34,3,0,4
BRDA:34,3,1,1
BRDA:42,4,0,4
BRDA:42,4,1,1
BRDA:54,5,0,1
BRDA:54,5,1,1
BRF:12
BRH:8
end_of_record
TN:
SF:src/stores/budgets.ts
FN:37,fieldLabel
FN:38,(anonymous_1)
FN:41,fieldUnit
FN:42,(anonymous_3)
FN:45,loadAll
FN:57,isBudget
FN:68,persist
FN:76,makeId
FN:80,createBudgetsStore
FN:87,add
FN:89,(anonymous_10)
FN:97,update
FN:98,(anonymous_12)
FN:99,(anonymous_13)
FN:105,remove
FN:106,(anonymous_15)
FN:107,(anonymous_16)
FN:113,clear
FN:127,isViolated
FN:142,observeField
FN:164,parseLatencyDisplayNs
FN:187,displayToRawValue
FN:197,rawToDisplayValue
FN:207,formatObserved
FN:222,checkViolations
FNF:25
FNH:24
FNDA:7,fieldLabel
FNDA:27,(anonymous_1)
FNDA:7,fieldUnit
FNDA:27,(anonymous_3)
FNDA:1,loadAll
FNDA:0,isBudget
FNDA:6,persist
FNDA:2,makeId
FNDA:1,createBudgetsStore
FNDA:2,add
FNDA:2,(anonymous_10)
FNDA:1,update
FNDA:1,(anonymous_12)
FNDA:1,(anonymous_13)
FNDA:1,remove
FNDA:1,(anonymous_15)
FNDA:1,(anonymous_16)
FNDA:2,clear
FNDA:14,isViolated
FNDA:16,observeField
FNDA:2,parseLatencyDisplayNs
FNDA:3,displayToRawValue
FNDA:2,rawToDisplayValue
FNDA:4,formatObserved
FNDA:17,checkViolations
DA:4,1
DA:28,1
DA:38,27
DA:42,27
DA:46,1
DA:47,1
DA:48,1
DA:49,0
DA:50,0
DA:51,0
DA:53,0
DA:58,0
DA:59,0
DA:60,0
DA:69,6
DA:70,6
DA:77,2
DA:81,1
DA:82,1
DA:84,1
DA:88,2
DA:89,2
DA:90,2
DA:91,2
DA:92,2
DA:94,2
DA:98,1
DA:99,1
DA:100,1
DA:101,1
DA:106,1
DA:107,1
DA:108,1
DA:109,1
DA:114,2
DA:115,2
DA:120,1
DA:128,14
DA:130,2
DA:132,2
DA:134,6
DA:136,2
DA:138,2
DA:143,16
DA:145,0
DA:147,2
DA:149,2
DA:151,12
DA:153,0
DA:155,0
DA:167,2
DA:168,1
DA:169,1
DA:170,1
DA:171,1
DA:172,1
DA:180,1
DA:188,3
DA:191,2
DA:193,1
DA:198,2
DA:201,1
DA:203,1
DA:208,4
DA:211,2
DA:212,2
DA:213,1
DA:216,1
DA:218,1
DA:227,17
DA:228,16
DA:229,16
DA:230,16
DA:231,16
DA:233,2
DA:235,14
DA:236,8
DA:239,16
LF:78
LH:68
BRDA:38,0,0,7
BRDA:38,0,1,1
BRDA:42,1,0,7
BRDA:42,1,1,1
BRDA:48,2,0,1
BRDA:48,2,1,0
BRDA:50,3,0,0
BRDA:50,3,1,0
BRDA:58,4,0,0
BRDA:58,4,1,0
BRDA:58,5,0,0
BRDA:58,5,1,0
BRDA:61,6,0,0
BRDA:61,6,1,0
BRDA:61,6,2,0
BRDA:61,6,3,0
BRDA:99,7,0,1
BRDA:99,7,1,0
BRDA:128,8,0,2
BRDA:128,8,1,2
BRDA:128,8,2,6
BRDA:128,8,3,2
BRDA:128,8,4,2
BRDA:143,9,0,0
BRDA:143,9,1,2
BRDA:143,9,2,2
BRDA:143,9,3,12
BRDA:143,9,4,0
BRDA:143,9,5,0
BRDA:167,10,0,1
BRDA:167,10,1,1
BRDA:169,11,0,0
BRDA:169,11,1,1
BRDA:180,12,0,1
BRDA:180,12,1,0
BRDA:188,13,0,1
BRDA:188,13,1,2
BRDA:188,13,2,1
BRDA:198,14,0,1
BRDA:198,14,1,1
BRDA:198,14,2,1
BRDA:208,15,0,1
BRDA:208,15,1,2
BRDA:208,15,2,1
BRDA:208,15,3,1
BRDA:212,16,0,1
BRDA:212,16,1,1
BRDA:227,17,0,1
BRDA:227,17,1,16
BRDA:231,18,0,2
BRDA:231,18,1,14
BRDA:235,19,0,8
BRDA:235,19,1,6
BRF:53
BRH:36
end_of_record
TN:
SF:src/stores/comparison.ts
FN:19,createComparisonStore
FN:24,setLoading
FN:27,setLoaded
FN:30,setError
FN:33,loadComparison
FN:42,clear
FN:46,reset
FNF:7
FNH:0
FNDA:0,createComparisonStore
FNDA:0,setLoading
FNDA:0,setLoaded
FNDA:0,setError
FNDA:0,loadComparison
FNDA:0,clear
FNDA:0,reset
DA:12,0
DA:20,0
DA:22,0
DA:25,0
DA:28,0
DA:31,0
DA:34,0
DA:35,0
DA:36,0
DA:37,0
DA:39,0
DA:43,0
DA:44,0
DA:47,0
DA:52,0
LF:15
LH:0
BRF:0
BRH:0
end_of_record
TN:
SF:src/stores/criticalPath.ts
FN:19,(anonymous_0)
FN:24,refreshCriticalPath
FN:32,clearCriticalPath
FNF:3
FNH:1
FNDA:0,(anonymous_0)
FNDA:7,refreshCriticalPath
FNDA:0,clearCriticalPath
DA:12,2
DA:15,2
DA:18,2
DA:20,0
DA:25,7
DA:26,7
DA:28,7
DA:33,0
LF:8
LH:6
BRDA:20,0,0,0
BRDA:20,0,1,0
BRF:2
BRH:0
end_of_record
TN:
SF:src/stores/selection.ts
FNF:0
FNH:0
DA:4,3
DA:5,3
DA:6,3
DA:7,3
DA:8,3
DA:9,3
DA:10,3
DA:11,3
DA:12,3
DA:13,3
DA:14,3
DA:15,3
DA:16,3
DA:17,3
DA:18,3
LF:15
LH:15
BRF:0
BRH:0
end_of_record
TN:
SF:src/stores/trace.ts
FN:32,createTraceStore
FN:37,setLoading
FN:40,setLoaded
FN:63,setError
FN:66,reset
FNF:5
FNH:5
FNDA:4,createTraceStore
FNDA:13,setLoading
FNDA:15,setLoaded
FNDA:3,setError
FNDA:21,reset
DA:18,4
DA:33,4
DA:35,4
DA:38,13
DA:49,15
DA:64,3
DA:67,21
DA:72,4
LF:8
LH:8
BRDA:37,0,0,13
BRDA:37,1,0,13
BRF:2
BRH:2
end_of_record
TN:
SF:src/stores/traceList.ts
FN:10,createTraceListStore
FN:16,add
FN:17,(anonymous_2)
FN:18,(anonymous_3)
FN:24,addMultiple
FN:25,(anonymous_5)
FN:28,(anonymous_6)
FN:36,switchTo
FN:44,clear
FN:48,count
FNF:10
FNH:10
FNDA:2,createTraceListStore
FNDA:11,add
FNDA:11,(anonymous_2)
FNDA:3,(anonymous_3)
FNDA:1,addMultiple
FNDA:1,(anonymous_5)
FNDA:2,(anonymous_6)
FNDA:3,switchTo
FNDA:10,clear
FNDA:1,count
DA:11,2
DA:13,2
DA:17,11
DA:18,11
DA:19,11
DA:20,10
DA:25,1
DA:26,1
DA:27,1
DA:28,3
DA:29,2
DA:32,1
DA:37,3
DA:38,3
DA:39,1
DA:40,1
DA:45,10
DA:49,1
DA:54,2
LF:19
LH:19
BRDA:19,0,0,1
BRDA:19,0,1,10
BRDA:28,1,0,2
BRDA:28,1,1,1
BRDA:38,2,0,1
BRDA:38,2,1,2
BRDA:38,3,0,3
BRDA:38,3,1,2
BRF:8
BRH:8
end_of_record
